#
# There is insufficient memory for the Java Runtime Environment to continue.
# Native memory allocation (malloc) failed to allocate 830896 bytes for Chunk::new
# Possible reasons:
#   The system is out of physical RAM or swap space
#   In 32 bit mode, the process size limit was hit
# Possible solutions:
#   Reduce memory load on the system
#   Increase physical memory or swap space
#   Check if swap backing store is full
#   Use 64 bit Java on a 64 bit OS
#   Decrease Java heap size (-Xmx/-Xms)
#   Decrease number of Java threads
#   Decrease Java thread stack sizes (-Xss)
#   Set larger code cache with -XX:ReservedCodeCacheSize=
# This output file may be truncated or incomplete.
#
#  Out of Memory Error (allocation.cpp:328), pid=7964, tid=7996
#
# JRE version: 7.0_07-b10
# Java VM: Java HotSpot(TM) 64-Bit Server VM (23.3-b01 mixed mode windows-amd64 compressed oops)
# Failed to write core dump. Minidumps are not enabled by default on client versions of Windows
#

---------------  T H R E A D  ---------------

Current thread (0x000000000b93a000):  JavaThread "C2 CompilerThread1" daemon [_thread_in_native, id=7996, stack(0x000000000c1f0000,0x000000000c2f0000)]

Stack: [0x000000000c1f0000,0x000000000c2f0000]

Current CompileTask:
C2:   3317  527             com.android.dx.dex.cf.CfTranslator::translate0 (259 bytes)


---------------  P R O C E S S  ---------------

Java Threads: ( => current thread )
  0x000000000b947800 JavaThread "Service Thread" daemon [_thread_blocked, id=7864, stack(0x000000000c0b0000,0x000000000c1b0000)]
=>0x000000000b93a000 JavaThread "C2 CompilerThread1" daemon [_thread_in_native, id=7996, stack(0x000000000c1f0000,0x000000000c2f0000)]
  0x000000000b932800 JavaThread "C2 CompilerThread0" daemon [_thread_in_native, id=6184, stack(0x000000000b6b0000,0x000000000b7b0000)]
  0x000000000b931800 JavaThread "Attach Listener" daemon [_thread_blocked, id=7636, stack(0x000000000bf80000,0x000000000c080000)]
  0x000000000b930800 JavaThread "Signal Dispatcher" daemon [_thread_blocked, id=5564, stack(0x000000000bda0000,0x000000000bea0000)]
  0x0000000009827000 JavaThread "Finalizer" daemon [_thread_blocked, id=7336, stack(0x000000000b7c0000,0x000000000b8c0000)]
  0x000000000981e800 JavaThread "Reference Handler" daemon [_thread_blocked, id=8064, stack(0x000000000b410000,0x000000000b510000)]
  0x000000000284f000 JavaThread "main" [_thread_in_Java, id=5816, stack(0x0000000002ac0000,0x0000000002bc0000)]

Other Threads:
  0x0000000009818000 VMThread [stack: 0x000000000b580000,0x000000000b680000] [id=7944]
  0x000000000b960800 WatcherThread [stack: 0x000000000c460000,0x000000000c560000] [id=3004]

VM state:not at safepoint (normal execution)

VM Mutex/Monitor currently owned by a thread: None

Heap
 PSYoungGen      total 70016K, used 43594K [0x00000000eaab0000, 0x00000000ef450000, 0x0000000100000000)
  eden space 64640K, 59% used [0x00000000eaab0000,0x00000000ed0077d0,0x00000000ee9d0000)
  from space 5376K, 99% used [0x00000000ee9d0000,0x00000000eef0b370,0x00000000eef10000)
  to   space 5376K, 0% used [0x00000000eef10000,0x00000000eef10000,0x00000000ef450000)
 ParOldGen       total 86144K, used 17264K [0x00000000c0000000, 0x00000000c5420000, 0x00000000eaab0000)
  object space 86144K, 20% used [0x00000000c0000000,0x00000000c10dc250,0x00000000c5420000)
 PSPermGen       total 21248K, used 5406K [0x00000000bae00000, 0x00000000bc2c0000, 0x00000000c0000000)
  object space 21248K, 25% used [0x00000000bae00000,0x00000000bb3479c0,0x00000000bc2c0000)

Card table byte_map: [0x0000000005bc0000,0x0000000005df0000] byte_map_base: 0x00000000055e9000

Polling page: 0x0000000000460000

Code Cache  [0x0000000002bc0000, 0x0000000002e30000, 0x0000000005bc0000)
 total_blobs=731 nmethods=520 adapters=162 free_code_cache=47088Kb largest_free_block=48167168

Compilation events (10 events):
Event: 3.089 Thread 0x000000000b932800 nmethod 522 0x0000000002dc0c10 code [0x0000000002dc0d80, 0x0000000002dc10c8]
Event: 3.089 Thread 0x000000000b932800  523             com.android.dx.cf.iface.StdMember::getAttributes (5 bytes)
Event: 3.089 Thread 0x000000000b932800 nmethod 523 0x0000000002dbad50 code [0x0000000002dbae80, 0x0000000002dbaed8]
Event: 3.089 Thread 0x000000000b932800  524   !         com.android.dx.cf.code.BytecodeArray::parseInstruction (2764 bytes)
Event: 3.161 Thread 0x000000000b93a000 nmethod 513 0x0000000002dca150 code [0x0000000002dca5c0, 0x0000000002dcd1b8]
Event: 3.161 Thread 0x000000000b93a000  525             com.android.dx.rop.code.RegisterSpec::getBasicFrameType (10 bytes)
Event: 3.162 Thread 0x000000000b93a000 nmethod 525 0x0000000002dc09d0 code [0x0000000002dc0b20, 0x0000000002dc0b98]
Event: 3.162 Thread 0x000000000b93a000  526             com.android.dx.dex.code.RopTranslator::getRegs (64 bytes)
Event: 3.171 Thread 0x000000000b93a000 nmethod 526 0x0000000002dbfe50 code [0x0000000002dbffe0, 0x0000000002dc0448]
Event: 3.171 Thread 0x000000000b93a000  527             com.android.dx.dex.cf.CfTranslator::translate0 (259 bytes)

GC Heap History (6 events):
Event: 1.280 GC heap before
{Heap before GC invocations=1 (full 0):
 PSYoungGen      total 37696K, used 32320K [0x00000000eaab0000, 0x00000000ed4c0000, 0x0000000100000000)
  eden space 32320K, 100% used [0x00000000eaab0000,0x00000000eca40000,0x00000000eca40000)
  from space 5376K, 0% used [0x00000000ecf80000,0x00000000ecf80000,0x00000000ed4c0000)
  to   space 5376K, 0% used [0x00000000eca40000,0x00000000eca40000,0x00000000ecf80000)
 ParOldGen       total 86144K, used 0K [0x00000000c0000000, 0x00000000c5420000, 0x00000000eaab0000)
  object space 86144K, 0% used [0x00000000c0000000,0x00000000c0000000,0x00000000c5420000)
 PSPermGen       total 21248K, used 5205K [0x00000000bae00000, 0x00000000bc2c0000, 0x00000000c0000000)
  object space 21248K, 24% used [0x00000000bae00000,0x00000000bb315660,0x00000000bc2c0000)
Event: 1.295 GC heap after
Heap after GC invocations=1 (full 0):
 PSYoungGen      total 37696K, used 5353K [0x00000000eaab0000, 0x00000000ef450000, 0x0000000100000000)
  eden space 32320K, 0% used [0x00000000eaab0000,0x00000000eaab0000,0x00000000eca40000)
  from space 5376K, 99% used [0x00000000eca40000,0x00000000ecf7a668,0x00000000ecf80000)
  to   space 5376K, 0% used [0x00000000eef10000,0x00000000eef10000,0x00000000ef450000)
 ParOldGen       total 86144K, used 1687K [0x00000000c0000000, 0x00000000c5420000, 0x00000000eaab0000)
  object space 86144K, 1% used [0x00000000c0000000,0x00000000c01a5c98,0x00000000c5420000)
 PSPermGen       total 21248K, used 5205K [0x00000000bae00000, 0x00000000bc2c0000, 0x00000000c0000000)
  object space 21248K, 24% used [0x00000000bae00000,0x00000000bb315660,0x00000000bc2c0000)
}
Event: 2.037 GC heap before
{Heap before GC invocations=2 (full 0):
 PSYoungGen      total 37696K, used 37673K [0x00000000eaab0000, 0x00000000ef450000, 0x0000000100000000)
  eden space 32320K, 100% used [0x00000000eaab0000,0x00000000eca40000,0x00000000eca40000)
  from space 5376K, 99% used [0x00000000eca40000,0x00000000ecf7a668,0x00000000ecf80000)
  to   space 5376K, 0% used [0x00000000eef10000,0x00000000eef10000,0x00000000ef450000)
 ParOldGen       total 86144K, used 1687K [0x00000000c0000000, 0x00000000c5420000, 0x00000000eaab0000)
  object space 86144K, 1% used [0x00000000c0000000,0x00000000c01a5c98,0x00000000c5420000)
 PSPermGen       total 21248K, used 5321K [0x00000000bae00000, 0x00000000bc2c0000, 0x00000000c0000000)
  object space 21248K, 25% used [0x00000000bae00000,0x00000000bb3325c8,0x00000000bc2c0000)
Event: 2.082 GC heap after
Heap after GC invocations=2 (full 0):
 PSYoungGen      total 70016K, used 5353K [0x00000000eaab0000, 0x00000000ef450000, 0x0000000100000000)
  eden space 64640K, 0% used [0x00000000eaab0000,0x00000000eaab0000,0x00000000ee9d0000)
  from space 5376K, 99% used [0x00000000eef10000,0x00000000ef44a668,0x00000000ef450000)
  to   space 5376K, 0% used [0x00000000ee9d0000,0x00000000ee9d0000,0x00000000eef10000)
 ParOldGen       total 86144K, used 6829K [0x00000000c0000000, 0x00000000c5420000, 0x00000000eaab0000)
  object space 86144K, 7% used [0x00000000c0000000,0x00000000c06ab680,0x00000000c5420000)
 PSPermGen       total 21248K, used 5321K [0x00000000bae00000, 0x00000000bc2c0000, 0x00000000c0000000)
  object space 21248K, 25% used [0x00000000bae00000,0x00000000bb3325c8,0x00000000bc2c0000)
}
Event: 2.848 GC heap before
{Heap before GC invocations=3 (full 0):
 PSYoungGen      total 70016K, used 69993K [0x00000000eaab0000, 0x00000000ef450000, 0x0000000100000000)
  eden space 64640K, 100% used [0x00000000eaab0000,0x00000000ee9d0000,0x00000000ee9d0000)
  from space 5376K, 99% used [0x00000000eef10000,0x00000000ef44a668,0x00000000ef450000)
  to   space 5376K, 0% used [0x00000000ee9d0000,0x00000000ee9d0000,0x00000000eef10000)
 ParOldGen       total 86144K, used 6829K [0x00000000c0000000, 0x00000000c5420000, 0x00000000eaab0000)
  object space 86144K, 7% used [0x00000000c0000000,0x00000000c06ab680,0x00000000c5420000)
 PSPermGen       total 21248K, used 5391K [0x00000000bae00000, 0x00000000bc2c0000, 0x00000000c0000000)
  object space 21248K, 25% used [0x00000000bae00000,0x00000000bb343d88,0x00000000bc2c0000)
Event: 2.918 GC heap after
Heap after GC invocations=3 (full 0):
 PSYoungGen      total 70016K, used 5356K [0x00000000eaab0000, 0x00000000ef450000, 0x0000000100000000)
  eden space 64640K, 0% used [0x00000000eaab0000,0x00000000eaab0000,0x00000000ee9d0000)
  from space 5376K, 99% used [0x00000000ee9d0000,0x00000000eef0b370,0x00000000eef10000)
  to   space 5376K, 0% used [0x00000000eef10000,0x00000000eef10000,0x00000000ef450000)
 ParOldGen       total 86144K, used 17264K [0x00000000c0000000, 0x00000000c5420000, 0x00000000eaab0000)
  object space 86144K, 20% used [0x00000000c0000000,0x00000000c10dc250,0x00000000c5420000)
 PSPermGen       total 21248K, used 5391K [0x00000000bae00000, 0x00000000bc2c0000, 0x00000000c0000000)
  object space 21248K, 25% used [0x00000000bae00000,0x00000000bb343d88,0x00000000bc2c0000)
}

Deoptimization events (10 events):
Event: 3.103 Thread 0x000000000284f000 Uncommon trap -34 fr.pc 0x0000000002c6b40c
Event: 3.130 Thread 0x000000000284f000 Uncommon trap -34 fr.pc 0x0000000002d5c558
Event: 3.136 Thread 0x000000000284f000 Uncommon trap -34 fr.pc 0x0000000002d68770
Event: 3.137 Thread 0x000000000284f000 Uncommon trap -34 fr.pc 0x0000000002d5c558
Event: 3.138 Thread 0x000000000284f000 Uncommon trap -34 fr.pc 0x0000000002d68770
Event: 3.139 Thread 0x000000000284f000 Uncommon trap -34 fr.pc 0x0000000002d5c558
Event: 3.160 Thread 0x000000000284f000 Uncommon trap -34 fr.pc 0x0000000002d5c558
Event: 3.201 Thread 0x000000000284f000 Uncommon trap -34 fr.pc 0x0000000002c6b40c
Event: 3.201 Thread 0x000000000284f000 Uncommon trap -34 fr.pc 0x0000000002c6b40c
Event: 3.201 Thread 0x000000000284f000 Uncommon trap -34 fr.pc 0x0000000002c6b40c

Internal exceptions (10 events):
Event: 1.676 Thread 0x000000000284f000 Threw 0x00000000eb989330 at C:\jdk7u1_64p\jdk7u7\hotspot\src\share\vm\prims\jvm.cpp:1166
Event: 1.676 Thread 0x000000000284f000 Threw 0x00000000eb98c368 at C:\jdk7u1_64p\jdk7u7\hotspot\src\share\vm\prims\jvm.cpp:1166
Event: 1.677 Thread 0x000000000284f000 Threw 0x00000000eb98e950 at C:\jdk7u1_64p\jdk7u7\hotspot\src\share\vm\prims\jvm.cpp:1166
Event: 1.680 Thread 0x000000000284f000 Threw 0x00000000eb9b0bb0 at C:\jdk7u1_64p\jdk7u7\hotspot\src\share\vm\prims\jvm.cpp:1166
Event: 1.681 Thread 0x000000000284f000 Threw 0x00000000eb9b64c0 at C:\jdk7u1_64p\jdk7u7\hotspot\src\share\vm\prims\jvm.cpp:1166
Event: 1.682 Thread 0x000000000284f000 Threw 0x00000000eb9bba88 at C:\jdk7u1_64p\jdk7u7\hotspot\src\share\vm\prims\jvm.cpp:1166
Event: 1.734 Thread 0x000000000284f000 Threw 0x00000000ebb8f5f0 at C:\jdk7u1_64p\jdk7u7\hotspot\src\share\vm\prims\jvm.cpp:1166
Event: 2.032 Thread 0x000000000284f000 Threw 0x00000000ec9c3678 at C:\jdk7u1_64p\jdk7u7\hotspot\src\share\vm\prims\jvm.cpp:1166
Event: 2.678 Thread 0x000000000284f000 Threw 0x00000000ed9f8ac0 at C:\jdk7u1_64p\jdk7u7\hotspot\src\share\vm\prims\jvm.cpp:1166
Event: 2.933 Thread 0x000000000284f000 Implicit null exception at 0x0000000002da6b0c to 0x0000000002da9bb9

Events (10 events):
Event: 3.139 Thread 0x000000000284f000 DEOPT PACKING pc=0x0000000002d5c558 sp=0x0000000002bbeb00
Event: 3.139 Thread 0x000000000284f000 DEOPT UNPACKING pc=0x0000000002bf9164 sp=0x0000000002bbea88 mode 2
Event: 3.160 Thread 0x000000000284f000 DEOPT PACKING pc=0x0000000002d5c558 sp=0x0000000002bbeb90
Event: 3.160 Thread 0x000000000284f000 DEOPT UNPACKING pc=0x0000000002bf9164 sp=0x0000000002bbeb18 mode 2
Event: 3.201 Thread 0x000000000284f000 DEOPT PACKING pc=0x0000000002c6b40c sp=0x0000000002bbea50
Event: 3.201 Thread 0x000000000284f000 DEOPT UNPACKING pc=0x0000000002bf9164 sp=0x0000000002bbe9e0 mode 2
Event: 3.201 Thread 0x000000000284f000 DEOPT PACKING pc=0x0000000002c6b40c sp=0x0000000002bbea50
Event: 3.201 Thread 0x000000000284f000 DEOPT UNPACKING pc=0x0000000002bf9164 sp=0x0000000002bbe9e0 mode 2
Event: 3.201 Thread 0x000000000284f000 DEOPT PACKING pc=0x0000000002c6b40c sp=0x0000000002bbeaa0
Event: 3.201 Thread 0x000000000284f000 DEOPT UNPACKING pc=0x0000000002bf9164 sp=0x0000000002bbea48 mode 2


Dynamic libraries:
0x000000013fe90000 - 0x000000013fec3000 	C:\Program Files\Java\jdk1.7.0_07\bin\java.exe
0x0000000076ea0000 - 0x0000000077049000 	C:\Windows\SYSTEM32\ntdll.dll
0x0000000076d80000 - 0x0000000076e9f000 	C:\Windows\system32\kernel32.dll
0x000007fefcea0000 - 0x000007fefcf0b000 	C:\Windows\system32\KERNELBASE.dll
0x000007fefd1c0000 - 0x000007fefd29b000 	C:\Windows\system32\ADVAPI32.dll
0x000007fefeb70000 - 0x000007fefec0f000 	C:\Windows\system32\msvcrt.dll
0x000007fefd340000 - 0x000007fefd35f000 	C:\Windows\SYSTEM32\sechost.dll
0x000007fefe490000 - 0x000007fefe5bd000 	C:\Windows\system32\RPCRT4.dll
0x0000000076c80000 - 0x0000000076d7a000 	C:\Windows\system32\USER32.dll
0x000007fefee70000 - 0x000007fefeed7000 	C:\Windows\system32\GDI32.dll
0x000007fefee10000 - 0x000007fefee1e000 	C:\Windows\system32\LPK.dll
0x000007fefe2f0000 - 0x000007fefe3b9000 	C:\Windows\system32\USP10.dll
0x000007fefb5f0000 - 0x000007fefb7e4000 	C:\Windows\WinSxS\amd64_microsoft.windows.common-controls_6595b64144ccf1df_6.0.7601.17514_none_fa396087175ac9ac\COMCTL32.dll
0x000007fefd360000 - 0x000007fefd3d1000 	C:\Windows\system32\SHLWAPI.dll
0x000007fefe460000 - 0x000007fefe48e000 	C:\Windows\system32\IMM32.DLL
0x000007fefeee0000 - 0x000007fefefe9000 	C:\Windows\system32\MSCTF.dll
0x000007fefcdb0000 - 0x000007fefcdf0000 	C:\Windows\system32\nvinitx.dll
0x000000005fe50000 - 0x000000005ff21000 	C:\Program Files\Java\jdk1.7.0_07\jre\bin\msvcr100.dll
0x00000000601e0000 - 0x00000000608ff000 	C:\Program Files\Java\jdk1.7.0_07\jre\bin\server\jvm.dll
0x000007fef95f0000 - 0x000007fef95f9000 	C:\Windows\system32\WSOCK32.dll
0x000007fefee20000 - 0x000007fefee6d000 	C:\Windows\system32\WS2_32.dll
0x000007fefeff0000 - 0x000007fefeff8000 	C:\Windows\system32\NSI.dll
0x000007fef7b20000 - 0x000007fef7b5b000 	C:\Windows\system32\WINMM.dll
0x0000000077070000 - 0x0000000077077000 	C:\Windows\system32\PSAPI.DLL
0x0000000062b70000 - 0x0000000062b7f000 	C:\Program Files\Java\jdk1.7.0_07\jre\bin\verify.dll
0x0000000061a70000 - 0x0000000061a98000 	C:\Program Files\Java\jdk1.7.0_07\jre\bin\java.dll
0x00000000629a0000 - 0x00000000629b5000 	C:\Program Files\Java\jdk1.7.0_07\jre\bin\zip.dll

VM Arguments:
jvm_args: -Xmx1024M -Dfile.encoding=GBK -Duser.country=CN -Duser.language=zh -Duser.variant 
java_command: com.android.dx.command.Main --dex --output E:\android_studio_workspace\XH\app\build\intermediates\dex\debug E:\android_studio_workspace\XH\app\build\intermediates\classes\debug E:\android_studio_workspace\XH\app\build\intermediates\pre-dexed\debug\support-annotations-22.1.1-ee8a94a19708901a0da74b32398bed48dc4c021c.jar E:\android_studio_workspace\XH\app\build\intermediates\pre-dexed\debug\classes-08fc13c42c823126723645bb43b56d430a341c8f.jar E:\android_studio_workspace\XH\app\build\intermediates\pre-dexed\debug\eventbus-3.0.0-beta1-6470e9e06accbd6d04468455a8eadf04b3981005.jar E:\android_studio_workspace\XH\app\build\intermediates\pre-dexed\debug\crouton_toast-d14491cb52b94e10b882792c8db96654a32b359a.jar E:\android_studio_workspace\XH\app\build\intermediates\pre-dexed\debug\okio-1.5.0-d19a14371397c6eca4ede01fef02db4647f737c8.jar E:\android_studio_workspace\XH\app\build\intermediates\pre-dexed\debug\classes-2facff4f1530c084617dd050aa2d44b1a176ddf6.jar E:\android_studio_workspace\XH\app\build\intermediates\pre-dexed\debug\library-1.0.18-b1a2008231d51f8c72918a90038fc32a12e31c85.jar E:\android_studio_workspace\XH\app\build\intermediates\pre-dexed\debug\library-2.4.0-dd460f45d27a359687729c3c169358b1eda3100b.jar E:\android_studio_workspace\XH\app\build\intermediates\pre-dexed\debug\universal-image-loader-1.9.3-7663f8faae3d90805b2c7e72235949f4ecf3a339.jar E:\android_studio_workspace\XH\app\build\intermediates\pre-dexed\debug\libammsdk-b9456fea70087378655fa7435b769eecfc634508.jar E:\android_studio_workspace\XH\app\build\intermediates\pre-dexed\debug\gson-2.3.1-3d67bc6296728dce11d45e3fe02a4d0f0bf336e9.jar E:\android_studio_workspace\XH\app\build\intermediates\pre-dexed\debug\internal_impl-22.1.1-2d931d5a57598f843fd22acae9d1b4acd2f7c37a.jar E:\android_studio_workspace\XH\app\build\intermediates\pre-dexed\debug\classes-55d852ba2276180def8a60cf42a3635ce87711a9.jar E:\android_studio_workspace\XH\app\build\intermediates\pre-dexed\debug\okhttp-2.4.0-1a88588d86205825a3
Launcher Type: SUN_STANDARD

Environment Variables:
JAVA_HOME=C:\Program Files\Java\jdk1.7.0_07
PATH=C:\Program Files\Java\jdk1.7.0_07;E:\android5.0_sdk\sdk;E:\android5.0_sdk\sdk\platform-tools;C:\Program Files (x86)\NVIDIA Corporation\PhysX\Common;C:\Windows\system32;C:\Windows;C:\Windows\System32\Wbem;C:\Windows\System32\WindowsPowerShell\v1.0\;C:\Program Files (x86)\Intel\OpenCL SDK\3.0\bin\x86;C:\Program Files (x86)\Intel\OpenCL SDK\3.0\bin\x64;C:\Program Files (x86)\Git\cmd;C:\Program Files (x86)\Git\bin;C:\Program Files (x86)\scala\bin
USERNAME=Administrator
OS=Windows_NT
PROCESSOR_IDENTIFIER=Intel64 Family 6 Model 58 Stepping 9, GenuineIntel



---------------  S Y S T E M  ---------------

OS: Windows 7 , 64 bit Build 7601 Service Pack 1

CPU:total 8 (4 cores per cpu, 2 threads per core) family 6 model 58 stepping 9, cmov, cx8, fxsr, mmx, sse, sse2, sse3, ssse3, sse4.1, sse4.2, popcnt, avx, ht, tsc, tscinvbit, tscinv

Memory: 4k page, physical 8268140k(2617576k free), swap 8266296k(5580k free)

vm_info: Java HotSpot(TM) 64-Bit Server VM (23.3-b01) for windows-amd64 JRE (1.7.0_07-b10), built on Aug 28 2012 18:28:27 by "java_re" with unknown MS VC++:1600

time: Sun Sep 27 23:44:06 2015
elapsed time: 3 seconds

