#
# There is insufficient memory for the Java Runtime Environment to continue.
# Native memory allocation (malloc) failed to allocate 833616 bytes for Chunk::new
# Possible reasons:
#   The system is out of physical RAM or swap space
#   In 32 bit mode, the process size limit was hit
# Possible solutions:
#   Reduce memory load on the system
#   Increase physical memory or swap space
#   Check if swap backing store is full
#   Use 64 bit Java on a 64 bit OS
#   Decrease Java heap size (-Xmx/-Xms)
#   Decrease number of Java threads
#   Decrease Java thread stack sizes (-Xss)
#   Set larger code cache with -XX:ReservedCodeCacheSize=
# This output file may be truncated or incomplete.
#
#  Out of Memory Error (allocation.cpp:328), pid=6384, tid=4112
#
# JRE version: 7.0_07-b10
# Java VM: Java HotSpot(TM) 64-Bit Server VM (23.3-b01 mixed mode windows-amd64 compressed oops)
# Failed to write core dump. Minidumps are not enabled by default on client versions of Windows
#

---------------  T H R E A D  ---------------

Current thread (0x000000000b5ac000):  JavaThread "C2 CompilerThread1" daemon [_thread_in_native, id=4112, stack(0x000000000c0c0000,0x000000000c1c0000)]

Stack: [0x000000000c0c0000,0x000000000c1c0000]

Current CompileTask:
C2:   3468  709   !         com.android.dx.cf.code.Ropper::processBlock (1101 bytes)


---------------  P R O C E S S  ---------------

Java Threads: ( => current thread )
  0x000000000b5b2000 JavaThread "Service Thread" daemon [_thread_blocked, id=6552, stack(0x000000000c1e0000,0x000000000c2e0000)]
=>0x000000000b5ac000 JavaThread "C2 CompilerThread1" daemon [_thread_in_native, id=4112, stack(0x000000000c0c0000,0x000000000c1c0000)]
  0x000000000b5a5000 JavaThread "C2 CompilerThread0" daemon [_thread_in_native, id=6516, stack(0x000000000bee0000,0x000000000bfe0000)]
  0x000000000b5a4800 JavaThread "Attach Listener" daemon [_thread_blocked, id=3696, stack(0x000000000bcc0000,0x000000000bdc0000)]
  0x000000000b5a3800 JavaThread "Signal Dispatcher" daemon [_thread_blocked, id=660, stack(0x000000000baf0000,0x000000000bbf0000)]
  0x00000000095aa000 JavaThread "Finalizer" daemon [_thread_blocked, id=3112, stack(0x000000000b430000,0x000000000b530000)]
  0x00000000095a2000 JavaThread "Reference Handler" daemon [_thread_blocked, id=5616, stack(0x000000000b1c0000,0x000000000b2c0000)]
  0x00000000001bf000 JavaThread "main" [_thread_in_native, id=6548, stack(0x0000000002820000,0x0000000002920000)]

Other Threads:
  0x000000000959b800 VMThread [stack: 0x000000000b2e0000,0x000000000b3e0000] [id=6424]
  0x000000000b5ca800 WatcherThread [stack: 0x000000000b930000,0x000000000ba30000] [id=6564]

VM state:not at safepoint (normal execution)

VM Mutex/Monitor currently owned by a thread: None

Heap
 PSYoungGen      total 145600K, used 29019K [0x00000000eaab0000, 0x00000000fdb10000, 0x0000000100000000)
  eden space 126784K, 8% used [0x00000000eaab0000,0x00000000eb4a90e8,0x00000000f2680000)
  from space 18816K, 99% used [0x00000000f2680000,0x00000000f38ddd10,0x00000000f38e0000)
  to   space 29056K, 0% used [0x00000000fbeb0000,0x00000000fbeb0000,0x00000000fdb10000)
 ParOldGen       total 86144K, used 43289K [0x00000000c0000000, 0x00000000c5420000, 0x00000000eaab0000)
  object space 86144K, 50% used [0x00000000c0000000,0x00000000c2a46670,0x00000000c5420000)
 PSPermGen       total 21248K, used 5517K [0x00000000bae00000, 0x00000000bc2c0000, 0x00000000c0000000)
  object space 21248K, 25% used [0x00000000bae00000,0x00000000bb3634c0,0x00000000bc2c0000)

Card table byte_map: [0x0000000005920000,0x0000000005b50000] byte_map_base: 0x0000000005349000

Polling page: 0x0000000000170000

Code Cache  [0x0000000002920000, 0x0000000002bf0000, 0x0000000005920000)
 total_blobs=907 nmethods=696 adapters=162 free_code_cache=46366Kb largest_free_block=47433088

Compilation events (10 events):
