#
# There is insufficient memory for the Java Runtime Environment to continue.
# Native memory allocation (malloc) failed to allocate 1048576 bytes for E in C:\jdk7u1_64p\jdk7u7\hotspot\src\share\vm\utilities/taskqueue.hpp
# Possible reasons:
#   The system is out of physical RAM or swap space
#   In 32 bit mode, the process size limit was hit
# Possible solutions:
#   Reduce memory load on the system
#   Increase physical memory or swap space
#   Check if swap backing store is full
#   Use 64 bit Java on a 64 bit OS
#   Decrease Java heap size (-Xmx/-Xms)
#   Decrease number of Java threads
#   Decrease Java thread stack sizes (-Xss)
#   Set larger code cache with -XX:ReservedCodeCacheSize=
# This output file may be truncated or incomplete.
#
#  Out of Memory Error (memory/allocation.inline.hpp:58), pid=4112, tid=1672
#
# JRE version: 7.0_07-b10
# Java VM: Java HotSpot(TM) 64-Bit Server VM (23.3-b01 mixed mode windows-amd64 compressed oops)
# Failed to write core dump. Minidumps are not enabled by default on client versions of Windows
#

---------------  T H R E A D  ---------------

Current thread (0x000000000282f000):  JavaThread "Unknown thread" [_thread_in_vm, id=1672, stack(0x0000000002ae0000,0x0000000002be0000)]

Stack: [0x0000000002ae0000,0x0000000002be0000]

---------------  P R O C E S S  ---------------

Java Threads: ( => current thread )

Other Threads:

=>0x000000000282f000 (exited) JavaThread "Unknown thread" [_thread_in_vm, id=1672, stack(0x0000000002ae0000,0x0000000002be0000)]

VM state:not at safepoint (normal execution)

VM Mutex/Monitor currently owned by a thread: None

Heap
 PSYoungGen      total 37696K, used 646K [0x00000000eaab0000, 0x00000000ed4c0000, 0x0000000100000000)
  eden space 32320K, 2% used [0x00000000eaab0000,0x00000000eab51a08,0x00000000eca40000)
  from space 5376K, 0% used [0x00000000ecf80000,0x00000000ecf80000,0x00000000ed4c0000)
  to   space 5376K, 0% used [0x00000000eca40000,0x00000000eca40000,0x00000000ecf80000)
 ParOldGen       total 86144K, used 0K [0x00000000c0000000, 0x00000000c5420000, 0x00000000eaab0000)
  object space 86144K, 0% used [0x00000000c0000000,0x00000000c0000000,0x00000000c5420000)
 PSPermGen       total 21248K, used 697K [0x00000000bae00000, 0x00000000bc2c0000, 0x00000000c0000000)
  object space 21248K, 3% used [0x00000000bae00000,0x00000000baeae5a8,0x00000000bc2c0000)

Card table byte_map: [0x0000000005be0000,0x0000000005e10000] byte_map_base: 0x0000000005609000

Polling page: 0x0000000000260000

Code Cache  [0x0000000002be0000, 0x0000000002e50000, 0x0000000005be0000)
 total_blobs=39 nmethods=0 adapters=20 free_code_cache=48889Kb largest_free_block=50062912

Compilation events (0 events):
No events

GC Heap History (0 events):
No events

Deoptimization events (0 events):
No events

Internal exceptions (0 events):
No events

Events (10 events):
Event: 0.027 loading class 0x00000000026f48e0
Event: 0.027 loading class 0x00000000026f48e0 done
Event: 0.027 loading class 0x000000000273e570
Event: 0.027 loading class 0x000000000273e570 done
Event: 0.027 loading class 0x000000000273e5a0
Event: 0.027 loading class 0x000000000273e5a0 done
Event: 0.028 loading class 0x000000000273fbb0
Event: 0.028 loading class 0x000000000273fbb0 done
Event: 0.028 loading class 0x00000000026f1bd0
Event: 0.028 loading class 0x00000000026f1bd0 done


Dynamic libraries:
0x000000013f440000 - 0x000000013f473000 	C:\Program Files\Java\jdk1.7.0_07\bin\java.exe
0x0000000077a40000 - 0x0000000077be9000 	C:\Windows\SYSTEM32\ntdll.dll
0x0000000077920000 - 0x0000000077a3f000 	C:\Windows\system32\kernel32.dll
0x000007fefdb80000 - 0x000007fefdbeb000 	C:\Windows\system32\KERNELBASE.dll
0x000007feff720000 - 0x000007feff7fb000 	C:\Windows\system32\ADVAPI32.dll
0x000007fefee90000 - 0x000007fefef2f000 	C:\Windows\system32\msvcrt.dll
0x000007fefddb0000 - 0x000007fefddcf000 	C:\Windows\SYSTEM32\sechost.dll
0x000007fefece0000 - 0x000007fefee0d000 	C:\Windows\system32\RPCRT4.dll
0x0000000077820000 - 0x000000007791a000 	C:\Windows\system32\USER32.dll
0x000007fefee20000 - 0x000007fefee87000 	C:\Windows\system32\GDI32.dll
0x000007feffa90000 - 0x000007feffa9e000 	C:\Windows\system32\LPK.dll
0x000007feff8a0000 - 0x000007feff969000 	C:\Windows\system32\USP10.dll
0x000007fefc190000 - 0x000007fefc384000 	C:\Windows\WinSxS\amd64_microsoft.windows.common-controls_6595b64144ccf1df_6.0.7601.17514_none_fa396087175ac9ac\COMCTL32.dll
0x000007fefec60000 - 0x000007fefecd1000 	C:\Windows\system32\SHLWAPI.dll
0x000007feff6f0000 - 0x000007feff71e000 	C:\Windows\system32\IMM32.DLL
0x000007fefef90000 - 0x000007feff099000 	C:\Windows\system32\MSCTF.dll
0x000007fefd950000 - 0x000007fefd990000 	C:\Windows\system32\nvinitx.dll
0x0000000055cc0000 - 0x0000000055d91000 	C:\Program Files\Java\jdk1.7.0_07\jre\bin\msvcr100.dll
0x0000000068bf0000 - 0x000000006930f000 	C:\Program Files\Java\jdk1.7.0_07\jre\bin\server\jvm.dll
0x000007fef8b50000 - 0x000007fef8b59000 	C:\Windows\system32\WSOCK32.dll
0x000007fefdd60000 - 0x000007fefddad000 	C:\Windows\system32\WS2_32.dll
0x000007fefee10000 - 0x000007fefee18000 	C:\Windows\system32\NSI.dll
0x000007fef92a0000 - 0x000007fef92db000 	C:\Windows\system32\WINMM.dll
0x0000000077c10000 - 0x0000000077c17000 	C:\Windows\system32\PSAPI.DLL
0x0000000068b00000 - 0x0000000068b0f000 	C:\Program Files\Java\jdk1.7.0_07\jre\bin\verify.dll
0x0000000068ad0000 - 0x0000000068af8000 	C:\Program Files\Java\jdk1.7.0_07\jre\bin\java.dll
0x0000000068ab0000 - 0x0000000068ac5000 	C:\Program Files\Java\jdk1.7.0_07\jre\bin\zip.dll

VM Arguments:
jvm_args: -Xmx1024M -Dfile.encoding=GBK -Duser.country=CN -Duser.language=zh -Duser.variant 
java_command: com.android.dx.command.Main --dex --output E:\android_studio_workspace\XH\app\build\intermediates\dex\debug E:\android_studio_workspace\XH\app\build\intermediates\classes\debug E:\android_studio_workspace\XH\app\build\intermediates\pre-dexed\debug\support-annotations-22.1.1-ee8a94a19708901a0da74b32398bed48dc4c021c.jar E:\android_studio_workspace\XH\app\build\intermediates\pre-dexed\debug\classes-08fc13c42c823126723645bb43b56d430a341c8f.jar E:\android_studio_workspace\XH\app\build\intermediates\pre-dexed\debug\eventbus-3.0.0-beta1-6470e9e06accbd6d04468455a8eadf04b3981005.jar E:\android_studio_workspace\XH\app\build\intermediates\pre-dexed\debug\crouton_toast-d14491cb52b94e10b882792c8db96654a32b359a.jar E:\android_studio_workspace\XH\app\build\intermediates\pre-dexed\debug\okio-1.5.0-d19a14371397c6eca4ede01fef02db4647f737c8.jar E:\android_studio_workspace\XH\app\build\intermediates\pre-dexed\debug\classes-2facff4f1530c084617dd050aa2d44b1a176ddf6.jar E:\android_studio_workspace\XH\app\build\intermediates\pre-dexed\debug\library-1.0.18-b1a2008231d51f8c72918a90038fc32a12e31c85.jar E:\android_studio_workspace\XH\app\build\intermediates\pre-dexed\debug\library-2.4.0-dd460f45d27a359687729c3c169358b1eda3100b.jar E:\android_studio_workspace\XH\app\build\intermediates\pre-dexed\debug\universal-image-loader-1.9.4-9ea8fb5385fe07db6288a8746eb2660897f432c0.jar E:\android_studio_workspace\XH\app\build\intermediates\pre-dexed\debug\libammsdk-b9456fea70087378655fa7435b769eecfc634508.jar E:\android_studio_workspace\XH\app\build\intermediates\pre-dexed\debug\gson-2.3.1-3d67bc6296728dce11d45e3fe02a4d0f0bf336e9.jar E:\android_studio_workspace\XH\app\build\intermediates\pre-dexed\debug\internal_impl-22.1.1-2d931d5a57598f843fd22acae9d1b4acd2f7c37a.jar E:\android_studio_workspace\XH\app\build\intermediates\pre-dexed\debug\classes-55d852ba2276180def8a60cf42a3635ce87711a9.jar E:\android_studio_workspace\XH\app\build\intermediates\pre-dexed\debug\okhttp-2.4.0-1a88588d86205825a3
Launcher Type: SUN_STANDARD

Environment Variables:
JAVA_HOME=C:\Program Files\Java\jdk1.7.0_07
PATH=C:\Program Files\Java\jdk1.7.0_07;E:\android5.0_sdk\sdk;E:\android5.0_sdk\sdk\platform-tools;C:\Program Files (x86)\NVIDIA Corporation\PhysX\Common;C:\Windows\system32;C:\Windows;C:\Windows\System32\Wbem;C:\Windows\System32\WindowsPowerShell\v1.0\;C:\Program Files (x86)\Intel\OpenCL SDK\3.0\bin\x86;C:\Program Files (x86)\Intel\OpenCL SDK\3.0\bin\x64;C:\Program Files (x86)\Git\cmd;C:\Program Files (x86)\Git\bin;C:\Program Files (x86)\scala\bin
USERNAME=Administrator
OS=Windows_NT
PROCESSOR_IDENTIFIER=Intel64 Family 6 Model 58 Stepping 9, GenuineIntel



---------------  S Y S T E M  ---------------

OS: Windows 7 , 64 bit Build 7601 Service Pack 1

CPU:total 8 (4 cores per cpu, 2 threads per core) family 6 model 58 stepping 9, cmov, cx8, fxsr, mmx, sse, sse2, sse3, ssse3, sse4.1, sse4.2, popcnt, avx, ht, tsc, tscinvbit, tscinv

Memory: 4k page, physical 8268140k(3729608k free), swap 8266296k(5012k free)

vm_info: Java HotSpot(TM) 64-Bit Server VM (23.3-b01) for windows-amd64 JRE (1.7.0_07-b10), built on Aug 28 2012 18:28:27 by "java_re" with unknown MS VC++:1600

time: Sat Sep 19 14:49:40 2015
elapsed time: 0 seconds

