#
# There is insufficient memory for the Java Runtime Environment to continue.
# Native memory allocation (malloc) failed to allocate 562816 bytes for Chunk::new
# Possible reasons:
#   The system is out of physical RAM or swap space
#   In 32 bit mode, the process size limit was hit
# Possible solutions:
#   Reduce memory load on the system
#   Increase physical memory or swap space
#   Check if swap backing store is full
#   Use 64 bit Java on a 64 bit OS
#   Decrease Java heap size (-Xmx/-Xms)
#   Decrease number of Java threads
#   Decrease Java thread stack sizes (-Xss)
#   Set larger code cache with -XX:ReservedCodeCacheSize=
# This output file may be truncated or incomplete.
#
#  Out of Memory Error (allocation.cpp:328), pid=1312, tid=6428
#
# JRE version: 7.0_07-b10
# Java VM: Java HotSpot(TM) 64-Bit Server VM (23.3-b01 mixed mode windows-amd64 compressed oops)
# Failed to write core dump. Minidumps are not enabled by default on client versions of Windows
#

---------------  T H R E A D  ---------------

Current thread (0x000000000b70a000):  JavaThread "C2 CompilerThread1" daemon [_thread_in_native, id=6428, stack(0x000000000bfc0000,0x000000000c0c0000)]

Stack: [0x000000000bfc0000,0x000000000c0c0000]

Current CompileTask:
C2:   3266  524             com.android.dx.cf.code.Simulator$SimVisitor::visitConstant (332 bytes)


---------------  P R O C E S S  ---------------

Java Threads: ( => current thread )
  0x000000000b713800 JavaThread "Service Thread" daemon [_thread_blocked, id=6816, stack(0x000000000bec0000,0x000000000bfc0000)]
=>0x000000000b70a000 JavaThread "C2 CompilerThread1" daemon [_thread_in_native, id=6428, stack(0x000000000bfc0000,0x000000000c0c0000)]
  0x000000000b702800 JavaThread "C2 CompilerThread0" daemon [_thread_blocked, id=3484, stack(0x000000000bd80000,0x000000000be80000)]
  0x000000000b701800 JavaThread "Attach Listener" daemon [_thread_blocked, id=6844, stack(0x000000000b490000,0x000000000b590000)]
  0x000000000b700800 JavaThread "Signal Dispatcher" daemon [_thread_blocked, id=6416, stack(0x000000000bb60000,0x000000000bc60000)]
  0x00000000097f7000 JavaThread "Finalizer" daemon [_thread_blocked, id=4748, stack(0x000000000b1b0000,0x000000000b2b0000)]
  0x00000000097ee800 JavaThread "Reference Handler" daemon [_thread_blocked, id=5144, stack(0x000000000b590000,0x000000000b690000)]
  0x00000000027df000 JavaThread "main" [_thread_in_native, id=6532, stack(0x0000000002ae0000,0x0000000002be0000)]

Other Threads:
  0x00000000097e8000 VMThread [stack: 0x000000000b360000,0x000000000b460000] [id=6164]
  0x000000000b724800 WatcherThread [stack: 0x000000000c0e0000,0x000000000c1e0000] [id=1496]

VM state:not at safepoint (normal execution)

VM Mutex/Monitor currently owned by a thread: None

Heap
 PSYoungGen      total 70016K, used 7952K [0x00000000eaab0000, 0x00000000ef450000, 0x0000000100000000)
  eden space 64640K, 3% used [0x00000000eaab0000,0x00000000ead36330,0x00000000ee9d0000)
  from space 5376K, 99% used [0x00000000eef10000,0x00000000ef44dfe0,0x00000000ef450000)
  to   space 5376K, 0% used [0x00000000ee9d0000,0x00000000ee9d0000,0x00000000eef10000)
 ParOldGen       total 86144K, used 17417K [0x00000000c0000000, 0x00000000c5420000, 0x00000000eaab0000)
  object space 86144K, 20% used [0x00000000c0000000,0x00000000c1102768,0x00000000c5420000)
 PSPermGen       total 21248K, used 5402K [0x00000000bae00000, 0x00000000bc2c0000, 0x00000000c0000000)
  object space 21248K, 25% used [0x00000000bae00000,0x00000000bb346a38,0x00000000bc2c0000)

Card table byte_map: [0x0000000005be0000,0x0000000005e10000] byte_map_base: 0x0000000005609000

Polling page: 0x0000000000160000

Code Cache  [0x0000000002be0000, 0x0000000002e50000, 0x0000000005be0000)
 total_blobs=737 nmethods=526 adapters=162 free_code_cache=47038Kb largest_free_block=48110592

Compilation events (10 events):
Event: 3.208 Thread 0x000000000b702800  523             com.android.dx.cf.code.ByteCatchList::listFor (120 bytes)
Event: 3.209 Thread 0x000000000b70a000  524             com.android.dx.cf.code.Simulator$SimVisitor::visitConstant (332 bytes)
Event: 3.212 Thread 0x000000000b702800 nmethod 523 0x0000000002c9a010 code [0x0000000002c9a1a0, 0x0000000002c9a608]
Event: 3.212 Thread 0x000000000b702800  525             com.android.dx.cf.code.OneLocalsArray::getOrNull (7 bytes)
Event: 3.213 Thread 0x000000000b702800 nmethod 525 0x0000000002c9c2d0 code [0x0000000002c9c400, 0x0000000002c9c498]
Event: 3.213 Thread 0x000000000b702800  526             com.android.dx.ssa.SsaMethod::removeFromUseList (57 bytes)
Event: 3.216 Thread 0x000000000b702800 nmethod 526 0x0000000002c6bb50 code [0x0000000002c6bca0, 0x0000000002c6c018]
Event: 3.217 Thread 0x000000000b702800  527             com.android.dx.rop.code.RegisterSpecSet::localItemToSpec (49 bytes)
Event: 3.219 Thread 0x000000000b702800 nmethod 527 0x0000000002c6b1d0 code [0x0000000002c6b320, 0x0000000002c6b6d8]
Event: 3.219 Thread 0x000000000b702800  528             com.android.dx.dex.code.RopTranslator::getRegs (64 bytes)

GC Heap History (8 events):
Event: 1.105 GC heap before
{Heap before GC invocations=1 (full 0):
 PSYoungGen      total 37696K, used 32320K [0x00000000eaab0000, 0x00000000ed4c0000, 0x0000000100000000)
  eden space 32320K, 100% used [0x00000000eaab0000,0x00000000eca40000,0x00000000eca40000)
  from space 5376K, 0% used [0x00000000ecf80000,0x00000000ecf80000,0x00000000ed4c0000)
  to   space 5376K, 0% used [0x00000000eca40000,0x00000000eca40000,0x00000000ecf80000)
 ParOldGen       total 86144K, used 0K [0x00000000c0000000, 0x00000000c5420000, 0x00000000eaab0000)
  object space 86144K, 0% used [0x00000000c0000000,0x00000000c0000000,0x00000000c5420000)
 PSPermGen       total 21248K, used 5221K [0x00000000bae00000, 0x00000000bc2c0000, 0x00000000c0000000)
  object space 21248K, 24% used [0x00000000bae00000,0x00000000bb3197b8,0x00000000bc2c0000)
Event: 1.111 GC heap after
Heap after GC invocations=1 (full 0):
 PSYoungGen      total 37696K, used 5369K [0x00000000eaab0000, 0x00000000ed4c0000, 0x0000000100000000)
  eden space 32320K, 0% used [0x00000000eaab0000,0x00000000eaab0000,0x00000000eca40000)
  from space 5376K, 99% used [0x00000000eca40000,0x00000000ecf7e678,0x00000000ecf80000)
  to   space 5376K, 0% used [0x00000000ecf80000,0x00000000ecf80000,0x00000000ed4c0000)
 ParOldGen       total 86144K, used 2025K [0x00000000c0000000, 0x00000000c5420000, 0x00000000eaab0000)
  object space 86144K, 2% used [0x00000000c0000000,0x00000000c01fa4f0,0x00000000c5420000)
 PSPermGen       total 21248K, used 5221K [0x00000000bae00000, 0x00000000bc2c0000, 0x00000000c0000000)
  object space 21248K, 24% used [0x00000000bae00000,0x00000000bb3197b8,0x00000000bc2c0000)
}
Event: 1.484 GC heap before
{Heap before GC invocations=2 (full 0):
 PSYoungGen      total 37696K, used 37689K [0x00000000eaab0000, 0x00000000ed4c0000, 0x0000000100000000)
  eden space 32320K, 100% used [0x00000000eaab0000,0x00000000eca40000,0x00000000eca40000)
  from space 5376K, 99% used [0x00000000eca40000,0x00000000ecf7e678,0x00000000ecf80000)
  to   space 5376K, 0% used [0x00000000ecf80000,0x00000000ecf80000,0x00000000ed4c0000)
 ParOldGen       total 86144K, used 2025K [0x00000000c0000000, 0x00000000c5420000, 0x00000000eaab0000)
  object space 86144K, 2% used [0x00000000c0000000,0x00000000c01fa4f0,0x00000000c5420000)
 PSPermGen       total 21248K, used 5318K [0x00000000bae00000, 0x00000000bc2c0000, 0x00000000c0000000)
  object space 21248K, 25% used [0x00000000bae00000,0x00000000bb331be8,0x00000000bc2c0000)
Event: 1.492 GC heap after
Heap after GC invocations=2 (full 0):
 PSYoungGen      total 37696K, used 5353K [0x00000000eaab0000, 0x00000000ef450000, 0x0000000100000000)
  eden space 32320K, 0% used [0x00000000eaab0000,0x00000000eaab0000,0x00000000eca40000)
  from space 5376K, 99% used [0x00000000ecf80000,0x00000000ed4ba668,0x00000000ed4c0000)
  to   space 5376K, 0% used [0x00000000eca40000,0x00000000eca40000,0x00000000ecf80000)
 ParOldGen       total 86144K, used 6763K [0x00000000c0000000, 0x00000000c5420000, 0x00000000eaab0000)
  object space 86144K, 7% used [0x00000000c0000000,0x00000000c069ae08,0x00000000c5420000)
 PSPermGen       total 21248K, used 5318K [0x00000000bae00000, 0x00000000bc2c0000, 0x00000000c0000000)
  object space 21248K, 25% used [0x00000000bae00000,0x00000000bb331be8,0x00000000bc2c0000)
}
Event: 2.524 GC heap before
{Heap before GC invocations=3 (full 0):
 PSYoungGen      total 37696K, used 37673K [0x00000000eaab0000, 0x00000000ef450000, 0x0000000100000000)
  eden space 32320K, 100% used [0x00000000eaab0000,0x00000000eca40000,0x00000000eca40000)
  from space 5376K, 99% used [0x00000000ecf80000,0x00000000ed4ba668,0x00000000ed4c0000)
  to   space 5376K, 0% used [0x00000000eca40000,0x00000000eca40000,0x00000000ecf80000)
 ParOldGen       total 86144K, used 6763K [0x00000000c0000000, 0x00000000c5420000, 0x00000000eaab0000)
  object space 86144K, 7% used [0x00000000c0000000,0x00000000c069ae08,0x00000000c5420000)
 PSPermGen       total 21248K, used 5381K [0x00000000bae00000, 0x00000000bc2c0000, 0x00000000c0000000)
  object space 21248K, 25% used [0x00000000bae00000,0x00000000bb3417d8,0x00000000bc2c0000)
Event: 2.534 GC heap after
Heap after GC invocations=3 (full 0):
 PSYoungGen      total 37696K, used 5361K [0x00000000eaab0000, 0x00000000ef450000, 0x0000000100000000)
  eden space 32320K, 0% used [0x00000000eaab0000,0x00000000eaab0000,0x00000000eca40000)
  from space 5376K, 99% used [0x00000000eca40000,0x00000000ecf7c7f0,0x00000000ecf80000)
  to   space 5376K, 0% used [0x00000000eef10000,0x00000000eef10000,0x00000000ef450000)
 ParOldGen       total 86144K, used 12833K [0x00000000c0000000, 0x00000000c5420000, 0x00000000eaab0000)
  object space 86144K, 14% used [0x00000000c0000000,0x00000000c0c886e0,0x00000000c5420000)
 PSPermGen       total 21248K, used 5381K [0x00000000bae00000, 0x00000000bc2c0000, 0x00000000c0000000)
  object space 21248K, 25% used [0x00000000bae00000,0x00000000bb3417d8,0x00000000bc2c0000)
}
Event: 3.221 GC heap before
{Heap before GC invocations=4 (full 0):
 PSYoungGen      total 37696K, used 37681K [0x00000000eaab0000, 0x00000000ef450000, 0x0000000100000000)
  eden space 32320K, 100% used [0x00000000eaab0000,0x00000000eca40000,0x00000000eca40000)
  from space 5376K, 99% used [0x00000000eca40000,0x00000000ecf7c7f0,0x00000000ecf80000)
  to   space 5376K, 0% used [0x00000000eef10000,0x00000000eef10000,0x00000000ef450000)
 ParOldGen       total 86144K, used 12833K [0x00000000c0000000, 0x00000000c5420000, 0x00000000eaab0000)
  object space 86144K, 14% used [0x00000000c0000000,0x00000000c0c886e0,0x00000000c5420000)
 PSPermGen       total 21248K, used 5402K [0x00000000bae00000, 0x00000000bc2c0000, 0x00000000c0000000)
  object space 21248K, 25% used [0x00000000bae00000,0x00000000bb346a38,0x00000000bc2c0000)
Event: 3.231 GC heap after
Heap after GC invocations=4 (full 0):
 PSYoungGen      total 70016K, used 5367K [0x00000000eaab0000, 0x00000000ef450000, 0x0000000100000000)
  eden space 64640K, 0% used [0x00000000eaab0000,0x00000000eaab0000,0x00000000ee9d0000)
  from space 5376K, 99% used [0x00000000eef10000,0x00000000ef44dfe0,0x00000000ef450000)
  to   space 5376K, 0% used [0x00000000ee9d0000,0x00000000ee9d0000,0x00000000eef10000)
 ParOldGen       total 86144K, used 17417K [0x00000000c0000000, 0x00000000c5420000, 0x00000000eaab0000)
  object space 86144K, 20% used [0x00000000c0000000,0x00000000c1102768,0x00000000c5420000)
 PSPermGen       total 21248K, used 5402K [0x00000000bae00000, 0x00000000bc2c0000, 0x00000000c0000000)
  object space 21248K, 25% used [0x00000000bae00000,0x00000000bb346a38,0x00000000bc2c0000)
}

Deoptimization events (10 events):
Event: 2.561 Thread 0x00000000027df000 Uncommon trap -34 fr.pc 0x0000000002d91254
Event: 2.564 Thread 0x00000000027df000 Uncommon trap -34 fr.pc 0x0000000002ca6e0c
Event: 2.615 Thread 0x00000000027df000 Uncommon trap -34 fr.pc 0x0000000002ca6e0c
Event: 2.615 Thread 0x00000000027df000 Uncommon trap -34 fr.pc 0x0000000002ca6e0c
Event: 2.868 Thread 0x00000000027df000 Uncommon trap -12 fr.pc 0x0000000002cc8720
Event: 3.020 Thread 0x00000000027df000 Uncommon trap -12 fr.pc 0x0000000002cc5724
Event: 3.177 Thread 0x00000000027df000 Uncommon trap -58 fr.pc 0x0000000002de700c
Event: 3.177 Thread 0x00000000027df000 Uncommon trap -58 fr.pc 0x0000000002de700c
Event: 3.200 Thread 0x00000000027df000 Uncommon trap -83 fr.pc 0x0000000002cb5ecc
Event: 3.202 Thread 0x00000000027df000 Uncommon trap -83 fr.pc 0x0000000002c9ffa8

Internal exceptions (10 events):
Event: 1.180 Thread 0x00000000027df000 Threw 0x00000000eb08fcd0 at C:\jdk7u1_64p\jdk7u7\hotspot\src\share\vm\prims\jvm.cpp:1166
Event: 1.180 Thread 0x00000000027df000 Threw 0x00000000eb0922b8 at C:\jdk7u1_64p\jdk7u7\hotspot\src\share\vm\prims\jvm.cpp:1166
Event: 1.182 Thread 0x00000000027df000 Threw 0x00000000eb0b4580 at C:\jdk7u1_64p\jdk7u7\hotspot\src\share\vm\prims\jvm.cpp:1166
Event: 1.183 Thread 0x00000000027df000 Threw 0x00000000eb0b9e90 at C:\jdk7u1_64p\jdk7u7\hotspot\src\share\vm\prims\jvm.cpp:1166
Event: 1.183 Thread 0x00000000027df000 Threw 0x00000000eb0bf458 at C:\jdk7u1_64p\jdk7u7\hotspot\src\share\vm\prims\jvm.cpp:1166
Event: 1.401 Thread 0x00000000027df000 Threw 0x00000000ec141d88 at C:\jdk7u1_64p\jdk7u7\hotspot\src\share\vm\prims\jvm.cpp:1166
Event: 1.505 Thread 0x00000000027df000 Threw 0x00000000eabf69d8 at C:\jdk7u1_64p\jdk7u7\hotspot\src\share\vm\prims\jvm.cpp:1166
Event: 1.561 Thread 0x00000000027df000 Threw 0x00000000eb1f3c60 at C:\jdk7u1_64p\jdk7u7\hotspot\src\share\vm\prims\jvm.cpp:1166
Event: 2.868 Thread 0x00000000027df000 Implicit null exception at 0x0000000002cc7c44 to 0x0000000002cc8705
Event: 3.020 Thread 0x00000000027df000 Implicit null exception at 0x0000000002cc4d6c to 0x0000000002cc5705

Events (10 events):
Event: 3.177 Thread 0x00000000027df000 DEOPT PACKING pc=0x0000000002de700c sp=0x0000000002bde410
Event: 3.177 Thread 0x00000000027df000 DEOPT UNPACKING pc=0x0000000002c19164 sp=0x0000000002bde3c0 mode 2
Event: 3.177 Thread 0x00000000027df000 DEOPT PACKING pc=0x0000000002de700c sp=0x0000000002bde4d0
Event: 3.177 Thread 0x00000000027df000 DEOPT UNPACKING pc=0x0000000002c19164 sp=0x0000000002bde480 mode 2
Event: 3.200 Thread 0x00000000027df000 DEOPT PACKING pc=0x0000000002cb5ecc sp=0x0000000002bde720
Event: 3.200 Thread 0x00000000027df000 DEOPT UNPACKING pc=0x0000000002c19164 sp=0x0000000002bde6b0 mode 2
Event: 3.202 Thread 0x00000000027df000 DEOPT PACKING pc=0x0000000002c9ffa8 sp=0x0000000002bde5a0
Event: 3.202 Thread 0x00000000027df000 DEOPT UNPACKING pc=0x0000000002c19164 sp=0x0000000002bde520 mode 2
Event: 3.221 Executing VM operation: ParallelGCFailedAllocation
Event: 3.231 Executing VM operation: ParallelGCFailedAllocation done


Dynamic libraries:
0x000000013f440000 - 0x000000013f473000 	C:\Program Files\Java\jdk1.7.0_07\bin\java.exe
0x0000000077a40000 - 0x0000000077be9000 	C:\Windows\SYSTEM32\ntdll.dll
0x0000000077920000 - 0x0000000077a3f000 	C:\Windows\system32\kernel32.dll
0x000007fefdb80000 - 0x000007fefdbeb000 	C:\Windows\system32\KERNELBASE.dll
0x000007feff720000 - 0x000007feff7fb000 	C:\Windows\system32\ADVAPI32.dll
0x000007fefee90000 - 0x000007fefef2f000 	C:\Windows\system32\msvcrt.dll
0x000007fefddb0000 - 0x000007fefddcf000 	C:\Windows\SYSTEM32\sechost.dll
0x000007fefece0000 - 0x000007fefee0d000 	C:\Windows\system32\RPCRT4.dll
0x0000000077820000 - 0x000000007791a000 	C:\Windows\system32\USER32.dll
0x000007fefee20000 - 0x000007fefee87000 	C:\Windows\system32\GDI32.dll
0x000007feffa90000 - 0x000007feffa9e000 	C:\Windows\system32\LPK.dll
0x000007feff8a0000 - 0x000007feff969000 	C:\Windows\system32\USP10.dll
0x000007fefc190000 - 0x000007fefc384000 	C:\Windows\WinSxS\amd64_microsoft.windows.common-controls_6595b64144ccf1df_6.0.7601.17514_none_fa396087175ac9ac\COMCTL32.dll
0x000007fefec60000 - 0x000007fefecd1000 	C:\Windows\system32\SHLWAPI.dll
0x000007feff6f0000 - 0x000007feff71e000 	C:\Windows\system32\IMM32.DLL
0x000007fefef90000 - 0x000007feff099000 	C:\Windows\system32\MSCTF.dll
0x000007fefd950000 - 0x000007fefd990000 	C:\Windows\system32\nvinitx.dll
0x0000000055cc0000 - 0x0000000055d91000 	C:\Program Files\Java\jdk1.7.0_07\jre\bin\msvcr100.dll
0x0000000068bf0000 - 0x000000006930f000 	C:\Program Files\Java\jdk1.7.0_07\jre\bin\server\jvm.dll
0x000007fef8b50000 - 0x000007fef8b59000 	C:\Windows\system32\WSOCK32.dll
0x000007fefdd60000 - 0x000007fefddad000 	C:\Windows\system32\WS2_32.dll
0x000007fefee10000 - 0x000007fefee18000 	C:\Windows\system32\NSI.dll
0x000007fef92a0000 - 0x000007fef92db000 	C:\Windows\system32\WINMM.dll
0x0000000077c10000 - 0x0000000077c17000 	C:\Windows\system32\PSAPI.DLL
0x0000000068b00000 - 0x0000000068b0f000 	C:\Program Files\Java\jdk1.7.0_07\jre\bin\verify.dll
0x0000000068ad0000 - 0x0000000068af8000 	C:\Program Files\Java\jdk1.7.0_07\jre\bin\java.dll
0x0000000068ab0000 - 0x0000000068ac5000 	C:\Program Files\Java\jdk1.7.0_07\jre\bin\zip.dll

VM Arguments:
jvm_args: -Xmx1024M -Dfile.encoding=GBK -Duser.country=CN -Duser.language=zh -Duser.variant 
java_command: com.android.dx.command.Main --dex --output E:\android_studio_workspace\XH\app\build\intermediates\dex\debug E:\android_studio_workspace\XH\app\build\intermediates\classes\debug E:\android_studio_workspace\XH\app\build\intermediates\pre-dexed\debug\support-annotations-22.1.1-ee8a94a19708901a0da74b32398bed48dc4c021c.jar E:\android_studio_workspace\XH\app\build\intermediates\pre-dexed\debug\classes-08fc13c42c823126723645bb43b56d430a341c8f.jar E:\android_studio_workspace\XH\app\build\intermediates\pre-dexed\debug\eventbus-3.0.0-beta1-6470e9e06accbd6d04468455a8eadf04b3981005.jar E:\android_studio_workspace\XH\app\build\intermediates\pre-dexed\debug\crouton_toast-d14491cb52b94e10b882792c8db96654a32b359a.jar E:\android_studio_workspace\XH\app\build\intermediates\pre-dexed\debug\okio-1.5.0-d19a14371397c6eca4ede01fef02db4647f737c8.jar E:\android_studio_workspace\XH\app\build\intermediates\pre-dexed\debug\classes-2facff4f1530c084617dd050aa2d44b1a176ddf6.jar E:\android_studio_workspace\XH\app\build\intermediates\pre-dexed\debug\library-1.0.18-b1a2008231d51f8c72918a90038fc32a12e31c85.jar E:\android_studio_workspace\XH\app\build\intermediates\pre-dexed\debug\library-2.4.0-dd460f45d27a359687729c3c169358b1eda3100b.jar E:\android_studio_workspace\XH\app\build\intermediates\pre-dexed\debug\universal-image-loader-1.9.4-9ea8fb5385fe07db6288a8746eb2660897f432c0.jar E:\android_studio_workspace\XH\app\build\intermediates\pre-dexed\debug\libammsdk-b9456fea70087378655fa7435b769eecfc634508.jar E:\android_studio_workspace\XH\app\build\intermediates\pre-dexed\debug\gson-2.3.1-3d67bc6296728dce11d45e3fe02a4d0f0bf336e9.jar E:\android_studio_workspace\XH\app\build\intermediates\pre-dexed\debug\internal_impl-22.1.1-2d931d5a57598f843fd22acae9d1b4acd2f7c37a.jar E:\android_studio_workspace\XH\app\build\intermediates\pre-dexed\debug\classes-55d852ba2276180def8a60cf42a3635ce87711a9.jar E:\android_studio_workspace\XH\app\build\intermediates\pre-dexed\debug\okhttp-2.4.0-1a88588d86205825a3
Launcher Type: SUN_STANDARD

Environment Variables:
JAVA_HOME=C:\Program Files\Java\jdk1.7.0_07
PATH=C:\Program Files\Java\jdk1.7.0_07;E:\android5.0_sdk\sdk;E:\android5.0_sdk\sdk\platform-tools;C:\Program Files (x86)\NVIDIA Corporation\PhysX\Common;C:\Windows\system32;C:\Windows;C:\Windows\System32\Wbem;C:\Windows\System32\WindowsPowerShell\v1.0\;C:\Program Files (x86)\Intel\OpenCL SDK\3.0\bin\x86;C:\Program Files (x86)\Intel\OpenCL SDK\3.0\bin\x64;C:\Program Files (x86)\Git\cmd;C:\Program Files (x86)\Git\bin;C:\Program Files (x86)\scala\bin
USERNAME=Administrator
OS=Windows_NT
PROCESSOR_IDENTIFIER=Intel64 Family 6 Model 58 Stepping 9, GenuineIntel



---------------  S Y S T E M  ---------------

OS: Windows 7 , 64 bit Build 7601 Service Pack 1

CPU:total 8 (4 cores per cpu, 2 threads per core) family 6 model 58 stepping 9, cmov, cx8, fxsr, mmx, sse, sse2, sse3, ssse3, sse4.1, sse4.2, popcnt, avx, ht, tsc, tscinvbit, tscinv

Memory: 4k page, physical 8268140k(3687332k free), swap 8266296k(5200k free)

vm_info: Java HotSpot(TM) 64-Bit Server VM (23.3-b01) for windows-amd64 JRE (1.7.0_07-b10), built on Aug 28 2012 18:28:27 by "java_re" with unknown MS VC++:1600

