#
# There is insufficient memory for the Java Runtime Environment to continue.
# Native memory allocation (malloc) failed to allocate 447936 bytes for Chunk::new
# Possible reasons:
#   The system is out of physical RAM or swap space
#   In 32 bit mode, the process size limit was hit
# Possible solutions:
#   Reduce memory load on the system
#   Increase physical memory or swap space
#   Check if swap backing store is full
#   Use 64 bit Java on a 64 bit OS
#   Decrease Java heap size (-Xmx/-Xms)
#   Decrease number of Java threads
#   Decrease Java thread stack sizes (-Xss)
#   Set larger code cache with -XX:ReservedCodeCacheSize=
# This output file may be truncated or incomplete.
#
#  Out of Memory Error (allocation.cpp:328), pid=4284, tid=7924
#
# JRE version: 7.0_07-b10
# Java VM: Java HotSpot(TM) 64-Bit Server VM (23.3-b01 mixed mode windows-amd64 compressed oops)
# Failed to write core dump. Minidumps are not enabled by default on client versions of Windows
#

---------------  T H R E A D  ---------------

Current thread (0x000000000b767000):  JavaThread "C2 CompilerThread1" daemon [_thread_in_native, id=7924, stack(0x000000000bfd0000,0x000000000c0d0000)]

Stack: [0x000000000bfd0000,0x000000000c0d0000]

Current CompileTask:
C2:  12061 1008             com.android.dex.Dex::readCode (28 bytes)


---------------  P R O C E S S  ---------------

Java Threads: ( => current thread )
  0x000000000b771000 JavaThread "Service Thread" daemon [_thread_blocked, id=7416, stack(0x000000000c250000,0x000000000c350000)]
=>0x000000000b767000 JavaThread "C2 CompilerThread1" daemon [_thread_in_native, id=7924, stack(0x000000000bfd0000,0x000000000c0d0000)]
  0x000000000b753000 JavaThread "C2 CompilerThread0" daemon [_thread_in_native, id=7912, stack(0x000000000be10000,0x000000000bf10000)]
  0x000000000b751800 JavaThread "Attach Listener" daemon [_thread_blocked, id=6580, stack(0x000000000bb90000,0x000000000bc90000)]
  0x000000000b750800 JavaThread "Signal Dispatcher" daemon [_thread_blocked, id=4668, stack(0x000000000bcd0000,0x000000000bdd0000)]
  0x00000000096a7000 JavaThread "Finalizer" daemon [_thread_blocked, id=4520, stack(0x000000000b4e0000,0x000000000b5e0000)]
  0x000000000969e800 JavaThread "Reference Handler" daemon [_thread_blocked, id=1844, stack(0x000000000b5e0000,0x000000000b6e0000)]
  0x000000000260f000 JavaThread "main" [_thread_in_Java, id=4596, stack(0x0000000002970000,0x0000000002a70000)]

Other Threads:
  0x0000000009698000 VMThread [stack: 0x000000000b320000,0x000000000b420000] [id=3928]
  0x000000000b78a000 WatcherThread [stack: 0x000000000c0d0000,0x000000000c1d0000] [id=1276]

VM state:not at safepoint (normal execution)

VM Mutex/Monitor currently owned by a thread: None

Heap
 PSYoungGen      total 47616K, used 19316K [0x00000000eaab0000, 0x00000000ef9e0000, 0x0000000100000000)
  eden space 32320K, 39% used [0x00000000eaab0000,0x00000000eb74e618,0x00000000eca40000)
  from space 15296K, 41% used [0x00000000eeaf0000,0x00000000ef12ec58,0x00000000ef9e0000)
  to   space 5376K, 0% used [0x00000000eca40000,0x00000000eca40000,0x00000000ecf80000)
 ParOldGen       total 86144K, used 42062K [0x00000000c0000000, 0x00000000c5420000, 0x00000000eaab0000)
  object space 86144K, 48% used [0x00000000c0000000,0x00000000c2913b58,0x00000000c5420000)
 PSPermGen       total 21248K, used 7615K [0x00000000bae00000, 0x00000000bc2c0000, 0x00000000c0000000)
  object space 21248K, 35% used [0x00000000bae00000,0x00000000bb56fec8,0x00000000bc2c0000)

Card table byte_map: [0x0000000005a70000,0x0000000005ca0000] byte_map_base: 0x0000000005499000

Polling page: 0x0000000000460000

Code Cache  [0x0000000002a70000, 0x0000000002d60000, 0x0000000005a70000)
 total_blobs=1243 nmethods=985 adapters=209 free_code_cache=46241Kb largest_free_block=47313600

Compilation events (10 events):
Event: 12.033 Thread 0x000000000b767000 nmethod 1003 0x0000000002d50810 code [0x0000000002d50960, 0x0000000002d50af8]
Event: 12.034 Thread 0x000000000b767000 1004             com.android.dx.io.instructions.DecodedInstruction::getTarget (7 bytes)
Event: 12.034 Thread 0x000000000b767000 nmethod 1004 0x0000000002d47550 code [0x0000000002d47680, 0x0000000002d476d8]
Event: 12.034 Thread 0x000000000b767000 1005             com.android.dx.io.instructions.ZeroRegisterDecodedInstruction::<init> (14 bytes)
Event: 12.035 Thread 0x000000000b767000 nmethod 1005 0x0000000002d45dd0 code [0x0000000002d45f00, 0x0000000002d45fd8]
Event: 12.036 Thread 0x000000000b767000 1006             com.android.dex.ClassData$Method::getMethodIndex (5 bytes)
Event: 12.036 Thread 0x000000000b767000 nmethod 1006 0x0000000002d48810 code [0x0000000002d48940, 0x0000000002d48998]
Event: 12.036 Thread 0x000000000b767000 1007             com.android.dex.ClassData$Method::getAccessFlags (5 bytes)
Event: 12.036 Thread 0x000000000b767000 nmethod 1007 0x0000000002d48610 code [0x0000000002d48740, 0x0000000002d48798]
Event: 12.036 Thread 0x000000000b767000 1008             com.android.dex.Dex::readCode (28 bytes)

GC Heap History (10 events):
Event: 7.796 GC heap before
{Heap before GC invocations=6 (full 0):
 PSYoungGen      total 36928K, used 36926K [0x00000000eaab0000, 0x00000000ee2c0000, 0x0000000100000000)
  eden space 31552K, 100% used [0x00000000eaab0000,0x00000000ec980000,0x00000000ec980000)
  from space 5376K, 99% used [0x00000000eca40000,0x00000000ecf7fb60,0x00000000ecf80000)
  to   space 12928K, 0% used [0x00000000ed620000,0x00000000ed620000,0x00000000ee2c0000)
 ParOldGen       total 86144K, used 22779K [0x00000000c0000000, 0x00000000c5420000, 0x00000000eaab0000)
  object space 86144K, 26% used [0x00000000c0000000,0x00000000c163ef08,0x00000000c5420000)
 PSPermGen       total 21248K, used 5421K [0x00000000bae00000, 0x00000000bc2c0000, 0x00000000c0000000)
  object space 21248K, 25% used [0x00000000bae00000,0x00000000bb34b4c0,0x00000000bc2c0000)
Event: 7.811 GC heap after
Heap after GC invocations=6 (full 0):
 PSYoungGen      total 44480K, used 10374K [0x00000000eaab0000, 0x00000000ee2c0000, 0x0000000100000000)
  eden space 31552K, 0% used [0x00000000eaab0000,0x00000000eaab0000,0x00000000ec980000)
  from space 12928K, 80% used [0x00000000ed620000,0x00000000ee0418a0,0x00000000ee2c0000)
  to   space 5376K, 0% used [0x00000000eca40000,0x00000000eca40000,0x00000000ecf80000)
 ParOldGen       total 86144K, used 22779K [0x00000000c0000000, 0x00000000c5420000, 0x00000000eaab0000)
  object space 86144K, 26% used [0x00000000c0000000,0x00000000c163ef08,0x00000000c5420000)
 PSPermGen       total 21248K, used 5421K [0x00000000bae00000, 0x00000000bc2c0000, 0x00000000c0000000)
  object space 21248K, 25% used [0x00000000bae00000,0x00000000bb34b4c0,0x00000000bc2c0000)
}
Event: 8.593 GC heap before
{Heap before GC invocations=7 (full 0):
 PSYoungGen      total 44480K, used 41926K [0x00000000eaab0000, 0x00000000ee2c0000, 0x0000000100000000)
  eden space 31552K, 100% used [0x00000000eaab0000,0x00000000ec980000,0x00000000ec980000)
  from space 12928K, 80% used [0x00000000ed620000,0x00000000ee0418a0,0x00000000ee2c0000)
  to   space 5376K, 0% used [0x00000000eca40000,0x00000000eca40000,0x00000000ecf80000)
 ParOldGen       total 86144K, used 22779K [0x00000000c0000000, 0x00000000c5420000, 0x00000000eaab0000)
  object space 86144K, 26% used [0x00000000c0000000,0x00000000c163ef08,0x00000000c5420000)
 PSPermGen       total 21248K, used 5433K [0x00000000bae00000, 0x00000000bc2c0000, 0x00000000c0000000)
  object space 21248K, 25% used [0x00000000bae00000,0x00000000bb34e450,0x00000000bc2c0000)
Event: 8.616 GC heap after
Heap after GC invocations=7 (full 0):
 PSYoungGen      total 36928K, used 5350K [0x00000000eaab0000, 0x00000000ee2c0000, 0x0000000100000000)
  eden space 31552K, 0% used [0x00000000eaab0000,0x00000000eaab0000,0x00000000ec980000)
  from space 5376K, 99% used [0x00000000eca40000,0x00000000ecf79960,0x00000000ecf80000)
  to   space 12928K, 0% used [0x00000000ed620000,0x00000000ed620000,0x00000000ee2c0000)
 ParOldGen       total 86144K, used 31977K [0x00000000c0000000, 0x00000000c5420000, 0x00000000eaab0000)
  object space 86144K, 37% used [0x00000000c0000000,0x00000000c1f3a790,0x00000000c5420000)
 PSPermGen       total 21248K, used 5433K [0x00000000bae00000, 0x00000000bc2c0000, 0x00000000c0000000)
  object space 21248K, 25% used [0x00000000bae00000,0x00000000bb34e450,0x00000000bc2c0000)
}
Event: 8.992 GC heap before
{Heap before GC invocations=8 (full 0):
 PSYoungGen      total 36928K, used 36902K [0x00000000eaab0000, 0x00000000ee2c0000, 0x0000000100000000)
  eden space 31552K, 100% used [0x00000000eaab0000,0x00000000ec980000,0x00000000ec980000)
  from space 5376K, 99% used [0x00000000eca40000,0x00000000ecf79960,0x00000000ecf80000)
  to   space 12928K, 0% used [0x00000000ed620000,0x00000000ed620000,0x00000000ee2c0000)
 ParOldGen       total 86144K, used 31977K [0x00000000c0000000, 0x00000000c5420000, 0x00000000eaab0000)
  object space 86144K, 37% used [0x00000000c0000000,0x00000000c1f3a790,0x00000000c5420000)
 PSPermGen       total 21248K, used 5442K [0x00000000bae00000, 0x00000000bc2c0000, 0x00000000c0000000)
  object space 21248K, 25% used [0x00000000bae00000,0x00000000bb350a00,0x00000000bc2c0000)
Event: 9.007 GC heap after
Heap after GC invocations=8 (full 0):
 PSYoungGen      total 44480K, used 8167K [0x00000000eaab0000, 0x00000000ee2c0000, 0x0000000100000000)
  eden space 31552K, 0% used [0x00000000eaab0000,0x00000000eaab0000,0x00000000ec980000)
  from space 12928K, 63% used [0x00000000ed620000,0x00000000ede19d88,0x00000000ee2c0000)
  to   space 5376K, 0% used [0x00000000eca40000,0x00000000eca40000,0x00000000ecf80000)
 ParOldGen       total 86144K, used 33079K [0x00000000c0000000, 0x00000000c5420000, 0x00000000eaab0000)
  object space 86144K, 38% used [0x00000000c0000000,0x00000000c204dc10,0x00000000c5420000)
 PSPermGen       total 21248K, used 5442K [0x00000000bae00000, 0x00000000bc2c0000, 0x00000000c0000000)
  object space 21248K, 25% used [0x00000000bae00000,0x00000000bb350a00,0x00000000bc2c0000)
}
Event: 11.312 GC heap before
{Heap before GC invocations=9 (full 0):
 PSYoungGen      total 44480K, used 39719K [0x00000000eaab0000, 0x00000000ee2c0000, 0x0000000100000000)
  eden space 31552K, 100% used [0x00000000eaab0000,0x00000000ec980000,0x00000000ec980000)
  from space 12928K, 63% used [0x00000000ed620000,0x00000000ede19d88,0x00000000ee2c0000)
  to   space 5376K, 0% used [0x00000000eca40000,0x00000000eca40000,0x00000000ecf80000)
 ParOldGen       total 86144K, used 33079K [0x00000000c0000000, 0x00000000c5420000, 0x00000000eaab0000)
  object space 86144K, 38% used [0x00000000c0000000,0x00000000c204dc10,0x00000000c5420000)
 PSPermGen       total 21248K, used 6517K [0x00000000bae00000, 0x00000000bc2c0000, 0x00000000c0000000)
  object space 21248K, 30% used [0x00000000bae00000,0x00000000bb45d4d0,0x00000000bc2c0000)
Event: 11.324 GC heap after
Heap after GC invocations=9 (full 0):
 PSYoungGen      total 37696K, used 5373K [0x00000000eaab0000, 0x00000000ef9e0000, 0x0000000100000000)
  eden space 32320K, 0% used [0x00000000eaab0000,0x00000000eaab0000,0x00000000eca40000)
  from space 5376K, 99% used [0x00000000eca40000,0x00000000ecf7f580,0x00000000ecf80000)
  to   space 15296K, 0% used [0x00000000eeaf0000,0x00000000eeaf0000,0x00000000ef9e0000)
 ParOldGen       total 86144K, used 40907K [0x00000000c0000000, 0x00000000c5420000, 0x00000000eaab0000)
  object space 86144K, 47% used [0x00000000c0000000,0x00000000c27f2dc0,0x00000000c5420000)
 PSPermGen       total 21248K, used 6517K [0x00000000bae00000, 0x00000000bc2c0000, 0x00000000c0000000)
  object space 21248K, 30% used [0x00000000bae00000,0x00000000bb45d4d0,0x00000000bc2c0000)
}
Event: 11.959 GC heap before
{Heap before GC invocations=10 (full 0):
 PSYoungGen      total 37696K, used 37692K [0x00000000eaab0000, 0x00000000ef9e0000, 0x0000000100000000)
  eden space 32320K, 99% used [0x00000000eaab0000,0x00000000eca3fab0,0x00000000eca40000)
  from space 5376K, 99% used [0x00000000eca40000,0x00000000ecf7f580,0x00000000ecf80000)
  to   space 15296K, 0% used [0x00000000eeaf0000,0x00000000eeaf0000,0x00000000ef9e0000)
 ParOldGen       total 86144K, used 40907K [0x00000000c0000000, 0x00000000c5420000, 0x00000000eaab0000)
  object space 86144K, 47% used [0x00000000c0000000,0x00000000c27f2dc0,0x00000000c5420000)
 PSPermGen       total 21248K, used 7604K [0x00000000bae00000, 0x00000000bc2c0000, 0x00000000c0000000)
  object space 21248K, 35% used [0x00000000bae00000,0x00000000bb56d220,0x00000000bc2c0000)
Event: 11.966 GC heap after
Heap after GC invocations=10 (full 0):
 PSYoungGen      total 47616K, used 6395K [0x00000000eaab0000, 0x00000000ef9e0000, 0x0000000100000000)
  eden space 32320K, 0% used [0x00000000eaab0000,0x00000000eaab0000,0x00000000eca40000)
  from space 15296K, 41% used [0x00000000eeaf0000,0x00000000ef12ec58,0x00000000ef9e0000)
  to   space 5376K, 0% used [0x00000000eca40000,0x00000000eca40000,0x00000000ecf80000)
 ParOldGen       total 86144K, used 42062K [0x00000000c0000000, 0x00000000c5420000, 0x00000000eaab0000)
  object space 86144K, 48% used [0x00000000c0000000,0x00000000c2913b58,0x00000000c5420000)
 PSPermGen       total 21248K, used 7604K [0x00000000bae00000, 0x00000000bc2c0000, 0x00000000c0000000)
  object space 21248K, 35% used [0x00000000bae00000,0x00000000bb56d220,0x00000000bc2c0000)
}

Deoptimization events (10 events):
Event: 11.675 Thread 0x000000000260f000 Uncommon trap -34 fr.pc 0x0000000002aeff70
Event: 11.675 Thread 0x000000000260f000 Uncommon trap -34 fr.pc 0x0000000002aeff70
Event: 11.699 Thread 0x000000000260f000 Uncommon trap -34 fr.pc 0x0000000002c0c400
Event: 11.700 Thread 0x000000000260f000 Uncommon trap -34 fr.pc 0x0000000002c0c400
Event: 11.700 Thread 0x000000000260f000 Uncommon trap -34 fr.pc 0x0000000002c0c400
Event: 11.700 Thread 0x000000000260f000 Uncommon trap -34 fr.pc 0x0000000002c0c400
Event: 11.746 Thread 0x000000000260f000 Uncommon trap -122 fr.pc 0x0000000002c7ee68
Event: 11.856 Thread 0x000000000260f000 Uncommon trap -42 fr.pc 0x0000000002d1bb98
Event: 11.859 Thread 0x000000000260f000 Uncommon trap -83 fr.pc 0x0000000002b47578
Event: 11.958 Thread 0x000000000260f000 Uncommon trap -42 fr.pc 0x0000000002d1bb98

Internal exceptions (10 events):
Event: 11.548 Thread 0x000000000260f000 Threw 0x00000000eaf47de0 at C:\jdk7u1_64p\jdk7u7\hotspot\src\share\vm\prims\jvm.cpp:1166
Event: 11.548 Thread 0x000000000260f000 Threw 0x00000000eaf4ade8 at C:\jdk7u1_64p\jdk7u7\hotspot\src\share\vm\prims\jvm.cpp:1166
Event: 11.548 Thread 0x000000000260f000 Threw 0x00000000eaf4e238 at C:\jdk7u1_64p\jdk7u7\hotspot\src\share\vm\prims\jvm.cpp:1166
Event: 11.551 Thread 0x000000000260f000 Threw 0x00000000eaf95720 at C:\jdk7u1_64p\jdk7u7\hotspot\src\share\vm\prims\jvm.cpp:1166
Event: 11.551 Thread 0x000000000260f000 Threw 0x00000000eaf978d8 at C:\jdk7u1_64p\jdk7u7\hotspot\src\share\vm\prims\jvm.cpp:1166
Event: 11.689 Thread 0x000000000260f000 Threw 0x00000000eb4ac4d8 at C:\jdk7u1_64p\jdk7u7\hotspot\src\share\vm\prims\jvm.cpp:1166
Event: 11.689 Thread 0x000000000260f000 Threw 0x00000000eb4ac600 at C:\jdk7u1_64p\jdk7u7\hotspot\src\share\vm\prims\jvm.cpp:1166
Event: 11.689 Thread 0x000000000260f000 Threw 0x00000000eb4b0348 at C:\jdk7u1_64p\jdk7u7\hotspot\src\share\vm\prims\jvm.cpp:1166
Event: 11.689 Thread 0x000000000260f000 Threw 0x00000000eb4b0470 at C:\jdk7u1_64p\jdk7u7\hotspot\src\share\vm\prims\jvm.cpp:1166
Event: 11.833 Thread 0x000000000260f000 Threw 0x00000000ebcd53d0 at C:\jdk7u1_64p\jdk7u7\hotspot\src\share\vm\prims\jvm.cpp:1166

Events (10 events):
Event: 11.856 Thread 0x000000000260f000 DEOPT PACKING pc=0x0000000002d1bb98 sp=0x0000000002a6ec30
Event: 11.856 Thread 0x000000000260f000 DEOPT UNPACKING pc=0x0000000002aa9164 sp=0x0000000002a6ebf8 mode 2
Event: 11.859 Thread 0x000000000260f000 DEOPT PACKING pc=0x0000000002b47578 sp=0x0000000002a6ee10
Event: 11.859 Thread 0x000000000260f000 DEOPT UNPACKING pc=0x0000000002aa9164 sp=0x0000000002a6ed98 mode 2
Event: 11.958 Thread 0x000000000260f000 DEOPT PACKING pc=0x0000000002d1bb98 sp=0x0000000002a6ec30
Event: 11.958 Thread 0x000000000260f000 DEOPT UNPACKING pc=0x0000000002aa9164 sp=0x0000000002a6ebf8 mode 2
Event: 11.959 Executing VM operation: ParallelGCFailedAllocation
Event: 11.966 Executing VM operation: ParallelGCFailedAllocation done
Event: 11.966 Executing VM operation: RevokeBias
Event: 11.966 Executing VM operation: RevokeBias done


Dynamic libraries:
0x000000013fe90000 - 0x000000013fec3000 	C:\Program Files\Java\jdk1.7.0_07\bin\java.exe
0x0000000076ea0000 - 0x0000000077049000 	C:\Windows\SYSTEM32\ntdll.dll
0x0000000076d80000 - 0x0000000076e9f000 	C:\Windows\system32\kernel32.dll
0x000007fefcea0000 - 0x000007fefcf0b000 	C:\Windows\system32\KERNELBASE.dll
0x000007fefd1c0000 - 0x000007fefd29b000 	C:\Windows\system32\ADVAPI32.dll
0x000007fefeb70000 - 0x000007fefec0f000 	C:\Windows\system32\msvcrt.dll
0x000007fefd340000 - 0x000007fefd35f000 	C:\Windows\SYSTEM32\sechost.dll
0x000007fefe490000 - 0x000007fefe5bd000 	C:\Windows\system32\RPCRT4.dll
0x0000000076c80000 - 0x0000000076d7a000 	C:\Windows\system32\USER32.dll
0x000007fefee70000 - 0x000007fefeed7000 	C:\Windows\system32\GDI32.dll
0x000007fefee10000 - 0x000007fefee1e000 	C:\Windows\system32\LPK.dll
0x000007fefe2f0000 - 0x000007fefe3b9000 	C:\Windows\system32\USP10.dll
0x000007fefb5f0000 - 0x000007fefb7e4000 	C:\Windows\WinSxS\amd64_microsoft.windows.common-controls_6595b64144ccf1df_6.0.7601.17514_none_fa396087175ac9ac\COMCTL32.dll
0x000007fefd360000 - 0x000007fefd3d1000 	C:\Windows\system32\SHLWAPI.dll
0x000007fefe460000 - 0x000007fefe48e000 	C:\Windows\system32\IMM32.DLL
0x000007fefeee0000 - 0x000007fefefe9000 	C:\Windows\system32\MSCTF.dll
0x000007fefcdb0000 - 0x000007fefcdf0000 	C:\Windows\system32\nvinitx.dll
0x000000005fe50000 - 0x000000005ff21000 	C:\Program Files\Java\jdk1.7.0_07\jre\bin\msvcr100.dll
0x00000000601e0000 - 0x00000000608ff000 	C:\Program Files\Java\jdk1.7.0_07\jre\bin\server\jvm.dll
0x000007fef95f0000 - 0x000007fef95f9000 	C:\Windows\system32\WSOCK32.dll
0x000007fefee20000 - 0x000007fefee6d000 	C:\Windows\system32\WS2_32.dll
0x000007fefeff0000 - 0x000007fefeff8000 	C:\Windows\system32\NSI.dll
0x000007fef7b20000 - 0x000007fef7b5b000 	C:\Windows\system32\WINMM.dll
0x0000000077070000 - 0x0000000077077000 	C:\Windows\system32\PSAPI.DLL
0x0000000062b70000 - 0x0000000062b7f000 	C:\Program Files\Java\jdk1.7.0_07\jre\bin\verify.dll
0x0000000061a70000 - 0x0000000061a98000 	C:\Program Files\Java\jdk1.7.0_07\jre\bin\java.dll
0x00000000629a0000 - 0x00000000629b5000 	C:\Program Files\Java\jdk1.7.0_07\jre\bin\zip.dll
0x0000000060fb0000 - 0x0000000060fc9000 	C:\Program Files\Java\jdk1.7.0_07\jre\bin\net.dll
0x000007fefc5e0000 - 0x000007fefc635000 	C:\Windows\system32\mswsock.dll
0x000007fefc5d0000 - 0x000007fefc5d7000 	C:\Windows\System32\wship6.dll
0x0000000060f90000 - 0x0000000060fa1000 	C:\Program Files\Java\jdk1.7.0_07\jre\bin\nio.dll

VM Arguments:
jvm_args: -Xmx1024M -Dfile.encoding=GBK -Duser.country=CN -Duser.language=zh -Duser.variant 
java_command: com.android.dx.command.Main --dex --output E:\android_studio_workspace\XH\app\build\intermediates\dex\debug E:\android_studio_workspace\XH\app\build\intermediates\classes\debug E:\android_studio_workspace\XH\app\build\intermediates\pre-dexed\debug\support-annotations-22.1.1-ee8a94a19708901a0da74b32398bed48dc4c021c.jar E:\android_studio_workspace\XH\app\build\intermediates\pre-dexed\debug\classes-08fc13c42c823126723645bb43b56d430a341c8f.jar E:\android_studio_workspace\XH\app\build\intermediates\pre-dexed\debug\eventbus-3.0.0-beta1-6470e9e06accbd6d04468455a8eadf04b3981005.jar E:\android_studio_workspace\XH\app\build\intermediates\pre-dexed\debug\crouton_toast-d14491cb52b94e10b882792c8db96654a32b359a.jar E:\android_studio_workspace\XH\app\build\intermediates\pre-dexed\debug\okio-1.5.0-d19a14371397c6eca4ede01fef02db4647f737c8.jar E:\android_studio_workspace\XH\app\build\intermediates\pre-dexed\debug\classes-2facff4f1530c084617dd050aa2d44b1a176ddf6.jar E:\android_studio_workspace\XH\app\build\intermediates\pre-dexed\debug\library-1.0.18-b1a2008231d51f8c72918a90038fc32a12e31c85.jar E:\android_studio_workspace\XH\app\build\intermediates\pre-dexed\debug\library-2.4.0-dd460f45d27a359687729c3c169358b1eda3100b.jar E:\android_studio_workspace\XH\app\build\intermediates\pre-dexed\debug\universal-image-loader-1.9.3-7663f8faae3d90805b2c7e72235949f4ecf3a339.jar E:\android_studio_workspace\XH\app\build\intermediates\pre-dexed\debug\libammsdk-b9456fea70087378655fa7435b769eecfc634508.jar E:\android_studio_workspace\XH\app\build\intermediates\pre-dexed\debug\gson-2.3.1-3d67bc6296728dce11d45e3fe02a4d0f0bf336e9.jar E:\android_studio_workspace\XH\app\build\intermediates\pre-dexed\debug\internal_impl-22.1.1-2d931d5a57598f843fd22acae9d1b4acd2f7c37a.jar E:\android_studio_workspace\XH\app\build\intermediates\pre-dexed\debug\classes-55d852ba2276180def8a60cf42a3635ce87711a9.jar E:\android_studio_workspace\XH\app\build\intermediates\pre-dexed\debug\okhttp-2.4.0-1a88588d86205825a3
Launcher Type: SUN_STANDARD

Environment Variables:
JAVA_HOME=C:\Program Files\Java\jdk1.7.0_07
PATH=C:\Program Files\Java\jdk1.7.0_07;E:\android5.0_sdk\sdk;E:\android5.0_sdk\sdk\platform-tools;C:\Program Files (x86)\NVIDIA Corporation\PhysX\Common;C:\Windows\system32;C:\Windows;C:\Windows\System32\Wbem;C:\Windows\System32\WindowsPowerShell\v1.0\;C:\Program Files (x86)\Intel\OpenCL SDK\3.0\bin\x86;C:\Program Files (x86)\Intel\OpenCL SDK\3.0\bin\x64;C:\Program Files (x86)\Git\cmd;C:\Program Files (x86)\Git\bin;C:\Program Files (x86)\scala\bin
USERNAME=Administrator
OS=Windows_NT
PROCESSOR_IDENTIFIER=Intel64 Family 6 Model 58 Stepping 9, GenuineIntel



---------------  S Y S T E M  ---------------

OS: Windows 7 , 64 bit Build 7601 Service Pack 1

CPU:total 8 (4 cores per cpu, 2 threads per core) family 6 model 58 stepping 9, cmov, cx8, fxsr, mmx, sse, sse2, sse3, ssse3, sse4.1, sse4.2, popcnt, avx, ht, tsc, tscinvbit, tscinv

Memory: 4k page, physical 8268140k(2621972k free), swap 8266296k(5176k free)

vm_info: Java HotSpot(TM) 64-Bit Server VM (23.3-b01) for windows-amd64 JRE (1.7.0_07-b10), built on Aug 28 2012 18:28:27 by "java_re" with unknown MS VC++:1600

time: Sun Sep 27 23:45:13 2015
elapsed time: 12 seconds

