#
# There is insufficient memory for the Java Runtime Environment to continue.
# Native memory allocation (malloc) failed to allocate 879696 bytes for Chunk::new
# Possible reasons:
#   The system is out of physical RAM or swap space
#   In 32 bit mode, the process size limit was hit
# Possible solutions:
#   Reduce memory load on the system
#   Increase physical memory or swap space
#   Check if swap backing store is full
#   Use 64 bit Java on a 64 bit OS
#   Decrease Java heap size (-Xmx/-Xms)
#   Decrease number of Java threads
#   Decrease Java thread stack sizes (-Xss)
#   Set larger code cache with -XX:ReservedCodeCacheSize=
# This output file may be truncated or incomplete.
#
#  Out of Memory Error (allocation.cpp:328), pid=5712, tid=4564
#
# JRE version: 7.0_07-b10
# Java VM: Java HotSpot(TM) 64-Bit Server VM (23.3-b01 mixed mode windows-amd64 compressed oops)
# Failed to write core dump. Minidumps are not enabled by default on client versions of Windows
#

---------------  T H R E A D  ---------------

Current thread (0x000000000b661800):  JavaThread "C2 CompilerThread1" daemon [_thread_in_native, id=4564, stack(0x000000000bfe0000,0x000000000c0e0000)]

Stack: [0x000000000bfe0000,0x000000000c0e0000]

Current CompileTask:
C2:   4375  869             com.android.dx.merge.DexMerger::transformMethods (126 bytes)


---------------  P R O C E S S  ---------------

Java Threads: ( => current thread )
  0x000000000b663000 JavaThread "Service Thread" daemon [_thread_blocked, id=4204, stack(0x000000000c180000,0x000000000c280000)]
=>0x000000000b661800 JavaThread "C2 CompilerThread1" daemon [_thread_in_native, id=4564, stack(0x000000000bfe0000,0x000000000c0e0000)]
  0x000000000b652800 JavaThread "C2 CompilerThread0" daemon [_thread_blocked, id=6500, stack(0x000000000be70000,0x000000000bf70000)]
  0x000000000b651800 JavaThread "Attach Listener" daemon [_thread_blocked, id=4316, stack(0x000000000bd70000,0x000000000be70000)]
  0x000000000b650800 JavaThread "Signal Dispatcher" daemon [_thread_blocked, id=6352, stack(0x000000000bb10000,0x000000000bc10000)]
  0x0000000009897000 JavaThread "Finalizer" daemon [_thread_blocked, id=5924, stack(0x000000000b3b0000,0x000000000b4b0000)]
  0x000000000988e800 JavaThread "Reference Handler" daemon [_thread_blocked, id=2000, stack(0x000000000b4e0000,0x000000000b5e0000)]
  0x00000000025ce800 JavaThread "main" [_thread_in_Java, id=5228, stack(0x0000000002930000,0x0000000002a30000)]

Other Threads:
  0x0000000009888000 VMThread [stack: 0x000000000b210000,0x000000000b310000] [id=6620]
  0x000000000b674000 WatcherThread [stack: 0x000000000c2d0000,0x000000000c3d0000] [id=6460]

VM state:not at safepoint (normal execution)

VM Mutex/Monitor currently owned by a thread: None

Heap
 PSYoungGen      total 70016K, used 62819K [0x00000000eaab0000, 0x00000000ef450000, 0x0000000100000000)
  eden space 64640K, 88% used [0x00000000eaab0000,0x00000000ee2cc8b0,0x00000000ee9d0000)
  from space 5376K, 99% used [0x00000000eef10000,0x00000000ef44c378,0x00000000ef450000)
  to   space 5376K, 0% used [0x00000000ee9d0000,0x00000000ee9d0000,0x00000000eef10000)
 ParOldGen       total 86144K, used 15724K [0x00000000c0000000, 0x00000000c5420000, 0x00000000eaab0000)
  object space 86144K, 18% used [0x00000000c0000000,0x00000000c0f5b010,0x00000000c5420000)
 PSPermGen       total 21248K, used 7542K [0x00000000bae00000, 0x00000000bc2c0000, 0x00000000c0000000)
  object space 21248K, 35% used [0x00000000bae00000,0x00000000bb55db90,0x00000000bc2c0000)

Card table byte_map: [0x0000000005a30000,0x0000000005c60000] byte_map_base: 0x0000000005459000

Polling page: 0x0000000000460000

Code Cache  [0x0000000002a30000, 0x0000000002cd0000, 0x0000000005a30000)
 total_blobs=1119 nmethods=861 adapters=209 free_code_cache=46555Kb largest_free_block=47630656

Compilation events (10 events):
Event: 4.330 Thread 0x000000000b652800 nmethod 866 0x0000000002cb9d10 code [0x0000000002cb9e40, 0x0000000002cb9eb8]
Event: 4.335 Thread 0x000000000b661800  867             com.android.dx.io.instructions.DecodedInstruction::getB (2 bytes)
Event: 4.335 Thread 0x000000000b661800 nmethod 867 0x0000000002cbd0d0 code [0x0000000002cbd200, 0x0000000002cbd258]
Event: 4.336 Thread 0x000000000b652800  868             com.android.dex.Dex$Section::readMethods (59 bytes)
Event: 4.336 Thread 0x000000000b661800  869             com.android.dx.merge.DexMerger::transformMethods (126 bytes)
Event: 4.338 Thread 0x000000000b652800 nmethod 868 0x0000000002cc1990 code [0x0000000002cc1b00, 0x0000000002cc1d68]
Event: 4.338 Thread 0x000000000b652800  870             com.android.dx.io.instructions.OneRegisterDecodedInstruction::getRegisterCount (2 bytes)
Event: 4.338 Thread 0x000000000b652800 nmethod 870 0x0000000002cbeb50 code [0x0000000002cbec80, 0x0000000002cbecd8]
Event: 4.338 Thread 0x000000000b652800  871             com.android.dx.io.instructions.DecodedInstruction::getTarget (7 bytes)
Event: 4.338 Thread 0x000000000b652800 nmethod 871 0x0000000002cbe950 code [0x0000000002cbea80, 0x0000000002cbead8]

GC Heap History (8 events):
Event: 1.758 GC heap before
{Heap before GC invocations=1 (full 0):
 PSYoungGen      total 37696K, used 32320K [0x00000000eaab0000, 0x00000000ed4c0000, 0x0000000100000000)
  eden space 32320K, 100% used [0x00000000eaab0000,0x00000000eca40000,0x00000000eca40000)
  from space 5376K, 0% used [0x00000000ecf80000,0x00000000ecf80000,0x00000000ed4c0000)
  to   space 5376K, 0% used [0x00000000eca40000,0x00000000eca40000,0x00000000ecf80000)
 ParOldGen       total 86144K, used 0K [0x00000000c0000000, 0x00000000c5420000, 0x00000000eaab0000)
  object space 86144K, 0% used [0x00000000c0000000,0x00000000c0000000,0x00000000c5420000)
 PSPermGen       total 21248K, used 5279K [0x00000000bae00000, 0x00000000bc2c0000, 0x00000000c0000000)
  object space 21248K, 24% used [0x00000000bae00000,0x00000000bb327e70,0x00000000bc2c0000)
Event: 1.764 GC heap after
Heap after GC invocations=1 (full 0):
 PSYoungGen      total 37696K, used 5355K [0x00000000eaab0000, 0x00000000ed4c0000, 0x0000000100000000)
  eden space 32320K, 0% used [0x00000000eaab0000,0x00000000eaab0000,0x00000000eca40000)
  from space 5376K, 99% used [0x00000000eca40000,0x00000000ecf7ac80,0x00000000ecf80000)
  to   space 5376K, 0% used [0x00000000ecf80000,0x00000000ecf80000,0x00000000ed4c0000)
 ParOldGen       total 86144K, used 2096K [0x00000000c0000000, 0x00000000c5420000, 0x00000000eaab0000)
  object space 86144K, 2% used [0x00000000c0000000,0x00000000c020c2f0,0x00000000c5420000)
 PSPermGen       total 21248K, used 5279K [0x00000000bae00000, 0x00000000bc2c0000, 0x00000000c0000000)
  object space 21248K, 24% used [0x00000000bae00000,0x00000000bb327e70,0x00000000bc2c0000)
}
Event: 2.373 GC heap before
{Heap before GC invocations=2 (full 0):
 PSYoungGen      total 37696K, used 37675K [0x00000000eaab0000, 0x00000000ed4c0000, 0x0000000100000000)
  eden space 32320K, 100% used [0x00000000eaab0000,0x00000000eca40000,0x00000000eca40000)
  from space 5376K, 99% used [0x00000000eca40000,0x00000000ecf7ac80,0x00000000ecf80000)
  to   space 5376K, 0% used [0x00000000ecf80000,0x00000000ecf80000,0x00000000ed4c0000)
 ParOldGen       total 86144K, used 2096K [0x00000000c0000000, 0x00000000c5420000, 0x00000000eaab0000)
  object space 86144K, 2% used [0x00000000c0000000,0x00000000c020c2f0,0x00000000c5420000)
 PSPermGen       total 21248K, used 5351K [0x00000000bae00000, 0x00000000bc2c0000, 0x00000000c0000000)
  object space 21248K, 25% used [0x00000000bae00000,0x00000000bb339e40,0x00000000bc2c0000)
Event: 2.383 GC heap after
Heap after GC invocations=2 (full 0):
 PSYoungGen      total 37696K, used 5365K [0x00000000eaab0000, 0x00000000ed4c0000, 0x0000000100000000)
  eden space 32320K, 0% used [0x00000000eaab0000,0x00000000eaab0000,0x00000000eca40000)
  from space 5376K, 99% used [0x00000000ecf80000,0x00000000ed4bd418,0x00000000ed4c0000)
  to   space 5376K, 0% used [0x00000000eca40000,0x00000000eca40000,0x00000000ecf80000)
 ParOldGen       total 86144K, used 6405K [0x00000000c0000000, 0x00000000c5420000, 0x00000000eaab0000)
  object space 86144K, 7% used [0x00000000c0000000,0x00000000c06417a8,0x00000000c5420000)
 PSPermGen       total 21248K, used 5351K [0x00000000bae00000, 0x00000000bc2c0000, 0x00000000c0000000)
  object space 21248K, 25% used [0x00000000bae00000,0x00000000bb339e40,0x00000000bc2c0000)
}
Event: 2.892 GC heap before
{Heap before GC invocations=3 (full 0):
 PSYoungGen      total 37696K, used 37685K [0x00000000eaab0000, 0x00000000ed4c0000, 0x0000000100000000)
  eden space 32320K, 100% used [0x00000000eaab0000,0x00000000eca40000,0x00000000eca40000)
  from space 5376K, 99% used [0x00000000ecf80000,0x00000000ed4bd418,0x00000000ed4c0000)
  to   space 5376K, 0% used [0x00000000eca40000,0x00000000eca40000,0x00000000ecf80000)
 ParOldGen       total 86144K, used 6405K [0x00000000c0000000, 0x00000000c5420000, 0x00000000eaab0000)
  object space 86144K, 7% used [0x00000000c0000000,0x00000000c06417a8,0x00000000c5420000)
 PSPermGen       total 21248K, used 5375K [0x00000000bae00000, 0x00000000bc2c0000, 0x00000000c0000000)
  object space 21248K, 25% used [0x00000000bae00000,0x00000000bb33ff90,0x00000000bc2c0000)
Event: 2.901 GC heap after
Heap after GC invocations=3 (full 0):
 PSYoungGen      total 37696K, used 5365K [0x00000000eaab0000, 0x00000000ef450000, 0x0000000100000000)
  eden space 32320K, 0% used [0x00000000eaab0000,0x00000000eaab0000,0x00000000eca40000)
  from space 5376K, 99% used [0x00000000eca40000,0x00000000ecf7d428,0x00000000ecf80000)
  to   space 5376K, 0% used [0x00000000eef10000,0x00000000eef10000,0x00000000ef450000)
 ParOldGen       total 86144K, used 11306K [0x00000000c0000000, 0x00000000c5420000, 0x00000000eaab0000)
  object space 86144K, 13% used [0x00000000c0000000,0x00000000c0b0aba8,0x00000000c5420000)
 PSPermGen       total 21248K, used 5375K [0x00000000bae00000, 0x00000000bc2c0000, 0x00000000c0000000)
  object space 21248K, 25% used [0x00000000bae00000,0x00000000bb33ff90,0x00000000bc2c0000)
}
Event: 3.322 GC heap before
{Heap before GC invocations=4 (full 0):
 PSYoungGen      total 37696K, used 37653K [0x00000000eaab0000, 0x00000000ef450000, 0x0000000100000000)
  eden space 32320K, 99% used [0x00000000eaab0000,0x00000000eca382a0,0x00000000eca40000)
  from space 5376K, 99% used [0x00000000eca40000,0x00000000ecf7d428,0x00000000ecf80000)
  to   space 5376K, 0% used [0x00000000eef10000,0x00000000eef10000,0x00000000ef450000)
 ParOldGen       total 86144K, used 11306K [0x00000000c0000000, 0x00000000c5420000, 0x00000000eaab0000)
  object space 86144K, 13% used [0x00000000c0000000,0x00000000c0b0aba8,0x00000000c5420000)
 PSPermGen       total 21248K, used 5814K [0x00000000bae00000, 0x00000000bc2c0000, 0x00000000c0000000)
  object space 21248K, 27% used [0x00000000bae00000,0x00000000bb3ada68,0x00000000bc2c0000)
Event: 3.330 GC heap after
Heap after GC invocations=4 (full 0):
 PSYoungGen      total 70016K, used 5360K [0x00000000eaab0000, 0x00000000ef450000, 0x0000000100000000)
  eden space 64640K, 0% used [0x00000000eaab0000,0x00000000eaab0000,0x00000000ee9d0000)
  from space 5376K, 99% used [0x00000000eef10000,0x00000000ef44c378,0x00000000ef450000)
  to   space 5376K, 0% used [0x00000000ee9d0000,0x00000000ee9d0000,0x00000000eef10000)
 ParOldGen       total 86144K, used 15724K [0x00000000c0000000, 0x00000000c5420000, 0x00000000eaab0000)
  object space 86144K, 18% used [0x00000000c0000000,0x00000000c0f5b010,0x00000000c5420000)
 PSPermGen       total 21248K, used 5814K [0x00000000bae00000, 0x00000000bc2c0000, 0x00000000c0000000)
  object space 21248K, 27% used [0x00000000bae00000,0x00000000bb3ada68,0x00000000bc2c0000)
}

Deoptimization events (10 events):
Event: 4.082 Thread 0x00000000025ce800 Uncommon trap -34 fr.pc 0x0000000002ab0ef0
Event: 4.087 Thread 0x00000000025ce800 Uncommon trap -34 fr.pc 0x0000000002ad05a8
Event: 4.112 Thread 0x00000000025ce800 Uncommon trap -34 fr.pc 0x0000000002be1440
Event: 4.112 Thread 0x00000000025ce800 Uncommon trap -34 fr.pc 0x0000000002be1440
Event: 4.112 Thread 0x00000000025ce800 Uncommon trap -34 fr.pc 0x0000000002be1440
Event: 4.112 Thread 0x00000000025ce800 Uncommon trap -34 fr.pc 0x0000000002be1440
Event: 4.112 Thread 0x00000000025ce800 Uncommon trap -34 fr.pc 0x0000000002ad05a8
Event: 4.141 Thread 0x00000000025ce800 Uncommon trap -122 fr.pc 0x0000000002ca0eb0
Event: 4.253 Thread 0x00000000025ce800 Uncommon trap -83 fr.pc 0x0000000002caca84
Event: 4.258 Thread 0x00000000025ce800 Uncommon trap -83 fr.pc 0x0000000002cb0a18

Internal exceptions (10 events):
Event: 4.012 Thread 0x00000000025ce800 Threw 0x00000000ebf6fea8 at C:\jdk7u1_64p\jdk7u7\hotspot\src\share\vm\prims\jvm.cpp:1166
Event: 4.013 Thread 0x00000000025ce800 Threw 0x00000000ebf72eb0 at C:\jdk7u1_64p\jdk7u7\hotspot\src\share\vm\prims\jvm.cpp:1166
Event: 4.013 Thread 0x00000000025ce800 Threw 0x00000000ebf76300 at C:\jdk7u1_64p\jdk7u7\hotspot\src\share\vm\prims\jvm.cpp:1166
Event: 4.015 Thread 0x00000000025ce800 Threw 0x00000000ebfbd7e8 at C:\jdk7u1_64p\jdk7u7\hotspot\src\share\vm\prims\jvm.cpp:1166
Event: 4.015 Thread 0x00000000025ce800 Threw 0x00000000ebfbf9a0 at C:\jdk7u1_64p\jdk7u7\hotspot\src\share\vm\prims\jvm.cpp:1166
Event: 4.085 Thread 0x00000000025ce800 Threw 0x00000000ec22f488 at C:\jdk7u1_64p\jdk7u7\hotspot\src\share\vm\prims\jvm.cpp:1166
Event: 4.085 Thread 0x00000000025ce800 Threw 0x00000000ec22f5b0 at C:\jdk7u1_64p\jdk7u7\hotspot\src\share\vm\prims\jvm.cpp:1166
Event: 4.085 Thread 0x00000000025ce800 Threw 0x00000000ec2332f8 at C:\jdk7u1_64p\jdk7u7\hotspot\src\share\vm\prims\jvm.cpp:1166
Event: 4.085 Thread 0x00000000025ce800 Threw 0x00000000ec233420 at C:\jdk7u1_64p\jdk7u7\hotspot\src\share\vm\prims\jvm.cpp:1166
Event: 4.275 Thread 0x00000000025ce800 Threw 0x00000000ed1a11d0 at C:\jdk7u1_64p\jdk7u7\hotspot\src\share\vm\prims\jvm.cpp:1166

Events (10 events):
Event: 4.125 Thread 0x000000000b661800 flushing nmethod 0x0000000002b6b690
Event: 4.133 Thread 0x000000000b661800 flushing nmethod 0x0000000002b8bc50
Event: 4.141 Thread 0x00000000025ce800 DEOPT PACKING pc=0x0000000002ca0eb0 sp=0x0000000002a2f230
Event: 4.141 Thread 0x00000000025ce800 DEOPT UNPACKING pc=0x0000000002a69164 sp=0x0000000002a2f1d8 mode 2
Event: 4.253 Thread 0x00000000025ce800 DEOPT PACKING pc=0x0000000002caca84 sp=0x0000000002a2f590
Event: 4.253 Thread 0x00000000025ce800 DEOPT UNPACKING pc=0x0000000002a69164 sp=0x0000000002a2f518 mode 2
Event: 4.258 Thread 0x00000000025ce800 DEOPT PACKING pc=0x0000000002cb0a18 sp=0x0000000002a2f560
Event: 4.258 Thread 0x00000000025ce800 DEOPT UNPACKING pc=0x0000000002a69164 sp=0x0000000002a2f518 mode 2
Event: 4.275 loading class 0x000000000c607280
Event: 4.275 loading class 0x000000000c607280 done


Dynamic libraries:
0x000000013f980000 - 0x000000013f9b3000 	C:\Program Files\Java\jdk1.7.0_07\bin\java.exe
0x0000000077790000 - 0x0000000077939000 	C:\Windows\SYSTEM32\ntdll.dll
0x0000000077670000 - 0x000000007778f000 	C:\Windows\system32\kernel32.dll
0x000007fefd7f0000 - 0x000007fefd85b000 	C:\Windows\system32\KERNELBASE.dll
0x000007feff0a0000 - 0x000007feff17b000 	C:\Windows\system32\ADVAPI32.dll
0x000007fefee20000 - 0x000007fefeebf000 	C:\Windows\system32\msvcrt.dll
0x000007feff650000 - 0x000007feff66f000 	C:\Windows\SYSTEM32\sechost.dll
0x000007feff970000 - 0x000007feffa9d000 	C:\Windows\system32\RPCRT4.dll
0x0000000077570000 - 0x000000007766a000 	C:\Windows\system32\USER32.dll
0x000007fefdfc0000 - 0x000007fefe027000 	C:\Windows\system32\GDI32.dll
0x000007feff230000 - 0x000007feff23e000 	C:\Windows\system32\LPK.dll
0x000007fefdea0000 - 0x000007fefdf69000 	C:\Windows\system32\USP10.dll
0x000007fefbe00000 - 0x000007fefbff4000 	C:\Windows\WinSxS\amd64_microsoft.windows.common-controls_6595b64144ccf1df_6.0.7601.17514_none_fa396087175ac9ac\COMCTL32.dll
0x000007feff3c0000 - 0x000007feff431000 	C:\Windows\system32\SHLWAPI.dll
0x000007fefdab0000 - 0x000007fefdade000 	C:\Windows\system32\IMM32.DLL
0x000007fefdc10000 - 0x000007fefdd19000 	C:\Windows\system32\MSCTF.dll
0x000007fefd6a0000 - 0x000007fefd6e0000 	C:\Windows\system32\nvinitx.dll
0x0000000074f90000 - 0x0000000075061000 	C:\Program Files\Java\jdk1.7.0_07\jre\bin\msvcr100.dll
0x0000000056810000 - 0x0000000056f2f000 	C:\Program Files\Java\jdk1.7.0_07\jre\bin\server\jvm.dll
0x000007fef9370000 - 0x000007fef9379000 	C:\Windows\system32\WSOCK32.dll
0x000007fefdf70000 - 0x000007fefdfbd000 	C:\Windows\system32\WS2_32.dll
0x000007feff180000 - 0x000007feff188000 	C:\Windows\system32\NSI.dll
0x000007fef9e20000 - 0x000007fef9e5b000 	C:\Windows\system32\WINMM.dll
0x0000000077960000 - 0x0000000077967000 	C:\Windows\system32\PSAPI.DLL
0x0000000063210000 - 0x000000006321f000 	C:\Program Files\Java\jdk1.7.0_07\jre\bin\verify.dll
0x00000000592a0000 - 0x00000000592c8000 	C:\Program Files\Java\jdk1.7.0_07\jre\bin\java.dll
0x00000000595d0000 - 0x00000000595e5000 	C:\Program Files\Java\jdk1.7.0_07\jre\bin\zip.dll
0x0000000059280000 - 0x0000000059299000 	C:\Program Files\Java\jdk1.7.0_07\jre\bin\net.dll
0x000007fefced0000 - 0x000007fefcf25000 	C:\Windows\system32\mswsock.dll
0x000007fefcec0000 - 0x000007fefcec7000 	C:\Windows\System32\wship6.dll
0x0000000059260000 - 0x0000000059271000 	C:\Program Files\Java\jdk1.7.0_07\jre\bin\nio.dll

VM Arguments:
jvm_args: -Xmx1024M -Dfile.encoding=GBK -Duser.country=CN -Duser.language=zh -Duser.variant 
java_command: com.android.dx.command.Main --dex --output E:\android_studio_workspace\XH\app\build\intermediates\dex\debug E:\android_studio_workspace\XH\app\build\intermediates\classes\debug E:\android_studio_workspace\XH\app\build\intermediates\pre-dexed\debug\support-annotations-22.1.1-ee8a94a19708901a0da74b32398bed48dc4c021c.jar E:\android_studio_workspace\XH\app\build\intermediates\pre-dexed\debug\classes-08fc13c42c823126723645bb43b56d430a341c8f.jar E:\android_studio_workspace\XH\app\build\intermediates\pre-dexed\debug\crouton_toast-d14491cb52b94e10b882792c8db96654a32b359a.jar E:\android_studio_workspace\XH\app\build\intermediates\pre-dexed\debug\okio-1.5.0-d19a14371397c6eca4ede01fef02db4647f737c8.jar E:\android_studio_workspace\XH\app\build\intermediates\pre-dexed\debug\classes-2facff4f1530c084617dd050aa2d44b1a176ddf6.jar E:\android_studio_workspace\XH\app\build\intermediates\pre-dexed\debug\library-1.0.18-b1a2008231d51f8c72918a90038fc32a12e31c85.jar E:\android_studio_workspace\XH\app\build\intermediates\pre-dexed\debug\library-2.4.0-dd460f45d27a359687729c3c169358b1eda3100b.jar E:\android_studio_workspace\XH\app\build\intermediates\pre-dexed\debug\universal-image-loader-1.9.4-9ea8fb5385fe07db6288a8746eb2660897f432c0.jar E:\android_studio_workspace\XH\app\build\intermediates\pre-dexed\debug\libammsdk-b9456fea70087378655fa7435b769eecfc634508.jar E:\android_studio_workspace\XH\app\build\intermediates\pre-dexed\debug\gson-2.3.1-3d67bc6296728dce11d45e3fe02a4d0f0bf336e9.jar E:\android_studio_workspace\XH\app\build\intermediates\pre-dexed\debug\internal_impl-22.1.1-2d931d5a57598f843fd22acae9d1b4acd2f7c37a.jar E:\android_studio_workspace\XH\app\build\intermediates\pre-dexed\debug\classes-55d852ba2276180def8a60cf42a3635ce87711a9.jar E:\android_studio_workspace\XH\app\build\intermediates\pre-dexed\debug\okhttp-2.4.0-1a88588d86205825a3225019b657d26fc4d4e22f.jar E:\android_studio_workspace\XH\app\build\intermediates\pre-dexed\debug\classes-57a39a4e1f949114b02408cdfce9077
Launcher Type: SUN_STANDARD

Environment Variables:
JAVA_HOME=C:\Program Files\Java\jdk1.7.0_07
PATH=C:\Program Files\Java\jdk1.7.0_07;E:\android5.0_sdk\sdk;E:\android5.0_sdk\sdk\platform-tools;C:\Program Files (x86)\NVIDIA Corporation\PhysX\Common;C:\Windows\system32;C:\Windows;C:\Windows\System32\Wbem;C:\Windows\System32\WindowsPowerShell\v1.0\;C:\Program Files (x86)\Intel\OpenCL SDK\3.0\bin\x86;C:\Program Files (x86)\Intel\OpenCL SDK\3.0\bin\x64;C:\Program Files (x86)\Git\cmd;C:\Program Files (x86)\Git\bin;C:\Program Files (x86)\scala\bin
USERNAME=Administrator
OS=Windows_NT
PROCESSOR_IDENTIFIER=Intel64 Family 6 Model 58 Stepping 9, GenuineIntel



---------------  S Y S T E M  ---------------

OS: Windows 7 , 64 bit Build 7601 Service Pack 1

CPU:total 8 (4 cores per cpu, 2 threads per core) family 6 model 58 stepping 9, cmov, cx8, fxsr, mmx, sse, sse2, sse3, ssse3, sse4.1, sse4.2, popcnt, avx, ht, tsc, tscinvbit, tscinv

Memory: 4k page, physical 8268140k(2276788k free), swap 8266296k(5752k free)

vm_info: Java HotSpot(TM) 64-Bit Server VM (23.3-b01) for windows-amd64 JRE (1.7.0_07-b10), built on Aug 28 2012 18:28:27 by "java_re" with unknown MS VC++:1600

time: Sat Aug 22 12:40:49 2015
elapsed time: 4 seconds

