#
# There is insufficient memory for the Java Runtime Environment to continue.
# Native memory allocation (malloc) failed to allocate 557072 bytes for Chunk::new
# Possible reasons:
#   The system is out of physical RAM or swap space
#   In 32 bit mode, the process size limit was hit
# Possible solutions:
#   Reduce memory load on the system
#   Increase physical memory or swap space
#   Check if swap backing store is full
#   Use 64 bit Java on a 64 bit OS
#   Decrease Java heap size (-Xmx/-Xms)
#   Decrease number of Java threads
#   Decrease Java thread stack sizes (-Xss)
#   Set larger code cache with -XX:ReservedCodeCacheSize=
# This output file may be truncated or incomplete.
#
#  Out of Memory Error (allocation.cpp:328), pid=1136, tid=7016
#
# JRE version: 7.0_07-b10
# Java VM: Java HotSpot(TM) 64-Bit Server VM (23.3-b01 mixed mode windows-amd64 compressed oops)
# Failed to write core dump. Minidumps are not enabled by default on client versions of Windows
#

---------------  T H R E A D  ---------------

Current thread (0x000000000b804800):  JavaThread "C2 CompilerThread0" daemon [_thread_in_native, id=7016, stack(0x000000000c0f0000,0x000000000c1f0000)]

Stack: [0x000000000c0f0000,0x000000000c1f0000]

Current CompileTask:
C2:   4264  789             com.android.dx.dex.file.DebugInfoEncoder::convert0 (246 bytes)


---------------  P R O C E S S  ---------------

Java Threads: ( => current thread )
  0x000000000b817000 JavaThread "Service Thread" daemon [_thread_blocked, id=6948, stack(0x000000000c390000,0x000000000c490000)]
  0x000000000b80f800 JavaThread "C2 CompilerThread1" daemon [_thread_in_native, id=4680, stack(0x000000000bf60000,0x000000000c060000)]
=>0x000000000b804800 JavaThread "C2 CompilerThread0" daemon [_thread_in_native, id=7016, stack(0x000000000c0f0000,0x000000000c1f0000)]
  0x000000000b803800 JavaThread "Attach Listener" daemon [_thread_blocked, id=5608, stack(0x000000000be20000,0x000000000bf20000)]
  0x000000000b802800 JavaThread "Signal Dispatcher" daemon [_thread_blocked, id=5576, stack(0x000000000bc70000,0x000000000bd70000)]
  0x00000000097e9000 JavaThread "Finalizer" daemon [_thread_blocked, id=6972, stack(0x000000000b550000,0x000000000b650000)]
  0x00000000097e0800 JavaThread "Reference Handler" daemon [_thread_blocked, id=5872, stack(0x000000000b690000,0x000000000b790000)]
  0x00000000005ef000 JavaThread "main" [_thread_in_Java, id=5488, stack(0x0000000002aa0000,0x0000000002ba0000)]

Other Threads:
  0x00000000097da000 VMThread [stack: 0x000000000b3e0000,0x000000000b4e0000] [id=2268]
  0x000000000b830000 WatcherThread [stack: 0x000000000c4a0000,0x000000000c5a0000] [id=2060]

VM state:not at safepoint (normal execution)

VM Mutex/Monitor currently owned by a thread: None

Heap
 PSYoungGen      total 134656K, used 30543K [0x00000000eaab0000, 0x00000000fdc90000, 0x0000000100000000)
  eden space 129280K, 19% used [0x00000000eaab0000,0x00000000ec3496b8,0x00000000f28f0000)
  from space 5376K, 99% used [0x00000000f28f0000,0x00000000f2e2a610,0x00000000f2e30000)
  to   space 27328K, 0% used [0x00000000fc1e0000,0x00000000fc1e0000,0x00000000fdc90000)
 ParOldGen       total 86144K, used 47911K [0x00000000c0000000, 0x00000000c5420000, 0x00000000eaab0000)
  object space 86144K, 55% used [0x00000000c0000000,0x00000000c2ec9df8,0x00000000c5420000)
 PSPermGen       total 21248K, used 6164K [0x00000000bae00000, 0x00000000bc2c0000, 0x00000000c0000000)
  object space 21248K, 29% used [0x00000000bae00000,0x00000000bb405220,0x00000000bc2c0000)

Card table byte_map: [0x0000000005ba0000,0x0000000005dd0000] byte_map_base: 0x00000000055c9000

Polling page: 0x0000000000160000

Code Cache  [0x0000000002ba0000, 0x0000000002e90000, 0x0000000005ba0000)
 total_blobs=1016 nmethods=780 adapters=186 free_code_cache=46208Kb largest_free_block=47270400

Compilation events (10 events):
Event: 4.237 Thread 0x000000000b804800 nmethod 785 0x0000000002e7b5d0 code [0x0000000002e7b700, 0x0000000002e7b758]
Event: 4.237 Thread 0x000000000b804800   10 % !         com.android.dx.dex.file.MixedItemSection::placeItems @ 72 (185 bytes)
Event: 4.240 Thread 0x000000000b804800 nmethod 10% 0x0000000002e79d10 code [0x0000000002e79e80, 0x0000000002e7a1d8]
Event: 4.240 Thread 0x000000000b804800  786             com.android.dx.rop.code.LocalItem::getSignature (5 bytes)
Event: 4.240 Thread 0x000000000b804800 nmethod 786 0x0000000002e79b10 code [0x0000000002e79c40, 0x0000000002e79c98]
Event: 4.240 Thread 0x000000000b804800  787             com.android.dx.dex.code.DalvCode::finishProcessingIfNecessary (69 bytes)
Event: 4.240 Thread 0x000000000b804800 nmethod 787 0x0000000002e79850 code [0x0000000002e79980, 0x0000000002e799f8]
Event: 4.240 Thread 0x000000000b804800  788             com.android.dx.dex.file.DebugInfoEncoder::computeOpcode (35 bytes)
Event: 4.240 Thread 0x000000000b804800 nmethod 788 0x0000000002e88110 code [0x0000000002e88240, 0x0000000002e88298]
Event: 4.240 Thread 0x000000000b804800  789             com.android.dx.dex.file.DebugInfoEncoder::convert0 (246 bytes)

GC Heap History (10 events):
Event: 0.930 GC heap before
{Heap before GC invocations=1 (full 0):
 PSYoungGen      total 37696K, used 32320K [0x00000000eaab0000, 0x00000000ed4c0000, 0x0000000100000000)
  eden space 32320K, 100% used [0x00000000eaab0000,0x00000000eca40000,0x00000000eca40000)
  from space 5376K, 0% used [0x00000000ecf80000,0x00000000ecf80000,0x00000000ed4c0000)
  to   space 5376K, 0% used [0x00000000eca40000,0x00000000eca40000,0x00000000ecf80000)
 ParOldGen       total 86144K, used 0K [0x00000000c0000000, 0x00000000c5420000, 0x00000000eaab0000)
  object space 86144K, 0% used [0x00000000c0000000,0x00000000c0000000,0x00000000c5420000)
 PSPermGen       total 21248K, used 5208K [0x00000000bae00000, 0x00000000bc2c0000, 0x00000000c0000000)
  object space 21248K, 24% used [0x00000000bae00000,0x00000000bb316308,0x00000000bc2c0000)
Event: 0.943 GC heap after
Heap after GC invocations=1 (full 0):
 PSYoungGen      total 37696K, used 5355K [0x00000000eaab0000, 0x00000000ef450000, 0x0000000100000000)
  eden space 32320K, 0% used [0x00000000eaab0000,0x00000000eaab0000,0x00000000eca40000)
  from space 5376K, 99% used [0x00000000eca40000,0x00000000ecf7ac80,0x00000000ecf80000)
  to   space 5376K, 0% used [0x00000000eef10000,0x00000000eef10000,0x00000000ef450000)
 ParOldGen       total 86144K, used 1627K [0x00000000c0000000, 0x00000000c5420000, 0x00000000eaab0000)
  object space 86144K, 1% used [0x00000000c0000000,0x00000000c0196e70,0x00000000c5420000)
 PSPermGen       total 21248K, used 5208K [0x00000000bae00000, 0x00000000bc2c0000, 0x00000000c0000000)
  object space 21248K, 24% used [0x00000000bae00000,0x00000000bb316308,0x00000000bc2c0000)
}
Event: 1.357 GC heap before
{Heap before GC invocations=2 (full 0):
 PSYoungGen      total 37696K, used 37675K [0x00000000eaab0000, 0x00000000ef450000, 0x0000000100000000)
  eden space 32320K, 100% used [0x00000000eaab0000,0x00000000eca40000,0x00000000eca40000)
  from space 5376K, 99% used [0x00000000eca40000,0x00000000ecf7ac80,0x00000000ecf80000)
  to   space 5376K, 0% used [0x00000000eef10000,0x00000000eef10000,0x00000000ef450000)
 ParOldGen       total 86144K, used 1627K [0x00000000c0000000, 0x00000000c5420000, 0x00000000eaab0000)
  object space 86144K, 1% used [0x00000000c0000000,0x00000000c0196e70,0x00000000c5420000)
 PSPermGen       total 21248K, used 5328K [0x00000000bae00000, 0x00000000bc2c0000, 0x00000000c0000000)
  object space 21248K, 25% used [0x00000000bae00000,0x00000000bb3341f8,0x00000000bc2c0000)
Event: 1.363 GC heap after
Heap after GC invocations=2 (full 0):
 PSYoungGen      total 70016K, used 5355K [0x00000000eaab0000, 0x00000000ef450000, 0x0000000100000000)
  eden space 64640K, 0% used [0x00000000eaab0000,0x00000000eaab0000,0x00000000ee9d0000)
  from space 5376K, 99% used [0x00000000eef10000,0x00000000ef44ac80,0x00000000ef450000)
  to   space 5376K, 0% used [0x00000000ee9d0000,0x00000000ee9d0000,0x00000000eef10000)
 ParOldGen       total 86144K, used 6646K [0x00000000c0000000, 0x00000000c5420000, 0x00000000eaab0000)
  object space 86144K, 7% used [0x00000000c0000000,0x00000000c067d818,0x00000000c5420000)
 PSPermGen       total 21248K, used 5328K [0x00000000bae00000, 0x00000000bc2c0000, 0x00000000c0000000)
  object space 21248K, 25% used [0x00000000bae00000,0x00000000bb3341f8,0x00000000bc2c0000)
}
Event: 1.843 GC heap before
{Heap before GC invocations=3 (full 0):
 PSYoungGen      total 70016K, used 69995K [0x00000000eaab0000, 0x00000000ef450000, 0x0000000100000000)
  eden space 64640K, 100% used [0x00000000eaab0000,0x00000000ee9d0000,0x00000000ee9d0000)
  from space 5376K, 99% used [0x00000000eef10000,0x00000000ef44ac80,0x00000000ef450000)
  to   space 5376K, 0% used [0x00000000ee9d0000,0x00000000ee9d0000,0x00000000eef10000)
 ParOldGen       total 86144K, used 6646K [0x00000000c0000000, 0x00000000c5420000, 0x00000000eaab0000)
  object space 86144K, 7% used [0x00000000c0000000,0x00000000c067d818,0x00000000c5420000)
 PSPermGen       total 21248K, used 5372K [0x00000000bae00000, 0x00000000bc2c0000, 0x00000000c0000000)
  object space 21248K, 25% used [0x00000000bae00000,0x00000000bb33f150,0x00000000bc2c0000)
Event: 1.857 GC heap after
Heap after GC invocations=3 (full 0):
 PSYoungGen      total 70016K, used 5371K [0x00000000eaab0000, 0x00000000f3370000, 0x0000000100000000)
  eden space 64640K, 0% used [0x00000000eaab0000,0x00000000eaab0000,0x00000000ee9d0000)
  from space 5376K, 99% used [0x00000000ee9d0000,0x00000000eef0ec60,0x00000000eef10000)
  to   space 5376K, 0% used [0x00000000f2e30000,0x00000000f2e30000,0x00000000f3370000)
 ParOldGen       total 86144K, used 17215K [0x00000000c0000000, 0x00000000c5420000, 0x00000000eaab0000)
  object space 86144K, 19% used [0x00000000c0000000,0x00000000c10cfd38,0x00000000c5420000)
 PSPermGen       total 21248K, used 5372K [0x00000000bae00000, 0x00000000bc2c0000, 0x00000000c0000000)
  object space 21248K, 25% used [0x00000000bae00000,0x00000000bb33f150,0x00000000bc2c0000)
}
Event: 2.179 GC heap before
{Heap before GC invocations=4 (full 0):
 PSYoungGen      total 70016K, used 70011K [0x00000000eaab0000, 0x00000000f3370000, 0x0000000100000000)
  eden space 64640K, 100% used [0x00000000eaab0000,0x00000000ee9d0000,0x00000000ee9d0000)
  from space 5376K, 99% used [0x00000000ee9d0000,0x00000000eef0ec60,0x00000000eef10000)
  to   space 5376K, 0% used [0x00000000f2e30000,0x00000000f2e30000,0x00000000f3370000)
 ParOldGen       total 86144K, used 17215K [0x00000000c0000000, 0x00000000c5420000, 0x00000000eaab0000)
  object space 86144K, 19% used [0x00000000c0000000,0x00000000c10cfd38,0x00000000c5420000)
 PSPermGen       total 21248K, used 5420K [0x00000000bae00000, 0x00000000bc2c0000, 0x00000000c0000000)
  object space 21248K, 25% used [0x00000000bae00000,0x00000000bb34b2d8,0x00000000bc2c0000)
Event: 2.191 GC heap after
Heap after GC invocations=4 (full 0):
 PSYoungGen      total 134656K, used 5372K [0x00000000eaab0000, 0x00000000f3370000, 0x0000000100000000)
  eden space 129280K, 0% used [0x00000000eaab0000,0x00000000eaab0000,0x00000000f28f0000)
  from space 5376K, 99% used [0x00000000f2e30000,0x00000000f336f288,0x00000000f3370000)
  to   space 5376K, 0% used [0x00000000f28f0000,0x00000000f28f0000,0x00000000f2e30000)
 ParOldGen       total 86144K, used 28367K [0x00000000c0000000, 0x00000000c5420000, 0x00000000eaab0000)
  object space 86144K, 32% used [0x00000000c0000000,0x00000000c1bb3ec0,0x00000000c5420000)
 PSPermGen       total 21248K, used 5420K [0x00000000bae00000, 0x00000000bc2c0000, 0x00000000c0000000)
  object space 21248K, 25% used [0x00000000bae00000,0x00000000bb34b2d8,0x00000000bc2c0000)
}
Event: 3.121 GC heap before
{Heap before GC invocations=5 (full 0):
 PSYoungGen      total 134656K, used 134652K [0x00000000eaab0000, 0x00000000f3370000, 0x0000000100000000)
  eden space 129280K, 100% used [0x00000000eaab0000,0x00000000f28f0000,0x00000000f28f0000)
  from space 5376K, 99% used [0x00000000f2e30000,0x00000000f336f288,0x00000000f3370000)
  to   space 5376K, 0% used [0x00000000f28f0000,0x00000000f28f0000,0x00000000f2e30000)
 ParOldGen       total 86144K, used 28367K [0x00000000c0000000, 0x00000000c5420000, 0x00000000eaab0000)
  object space 86144K, 32% used [0x00000000c0000000,0x00000000c1bb3ec0,0x00000000c5420000)
 PSPermGen       total 21248K, used 5889K [0x00000000bae00000, 0x00000000bc2c0000, 0x00000000c0000000)
  object space 21248K, 27% used [0x00000000bae00000,0x00000000bb3c04d8,0x00000000bc2c0000)
Event: 3.189 GC heap after
Heap after GC invocations=5 (full 0):
 PSYoungGen      total 134656K, used 5353K [0x00000000eaab0000, 0x00000000fdc90000, 0x0000000100000000)
  eden space 129280K, 0% used [0x00000000eaab0000,0x00000000eaab0000,0x00000000f28f0000)
  from space 5376K, 99% used [0x00000000f28f0000,0x00000000f2e2a610,0x00000000f2e30000)
  to   space 27328K, 0% used [0x00000000fc1e0000,0x00000000fc1e0000,0x00000000fdc90000)
 ParOldGen       total 86144K, used 47911K [0x00000000c0000000, 0x00000000c5420000, 0x00000000eaab0000)
  object space 86144K, 55% used [0x00000000c0000000,0x00000000c2ec9df8,0x00000000c5420000)
 PSPermGen       total 21248K, used 5889K [0x00000000bae00000, 0x00000000bc2c0000, 0x00000000c0000000)
  object space 21248K, 27% used [0x00000000bae00000,0x00000000bb3c04d8,0x00000000bc2c0000)
}

Deoptimization events (10 events):
Event: 3.946 Thread 0x00000000005ef000 Uncommon trap -58 fr.pc 0x0000000002e4eda4
Event: 4.009 Thread 0x00000000005ef000 Uncommon trap -83 fr.pc 0x0000000002e54ce0
Event: 4.009 Thread 0x00000000005ef000 Uncommon trap -83 fr.pc 0x0000000002e50f88
Event: 4.015 Thread 0x00000000005ef000 Uncommon trap -12 fr.pc 0x0000000002e5ed48
Event: 4.018 Thread 0x00000000005ef000 Uncommon trap -122 fr.pc 0x0000000002e5aa5c
Event: 4.108 Thread 0x00000000005ef000 Uncommon trap -83 fr.pc 0x0000000002e662cc
Event: 4.108 Thread 0x00000000005ef000 Uncommon trap -83 fr.pc 0x0000000002e4da0c
Event: 4.108 Thread 0x00000000005ef000 Uncommon trap -83 fr.pc 0x0000000002e508ec
Event: 4.108 Thread 0x00000000005ef000 Uncommon trap -83 fr.pc 0x0000000002e649fc
Event: 4.224 Thread 0x00000000005ef000 Uncommon trap -83 fr.pc 0x0000000002e7e690

Internal exceptions (10 events):
Event: 3.956 Thread 0x00000000005ef000 Threw 0x00000000eb3f2c30 at C:\jdk7u1_64p\jdk7u7\hotspot\src\share\vm\prims\jvm.cpp:1166
Event: 4.015 Thread 0x00000000005ef000 Implicit null exception at 0x0000000002e5e2c8 to 0x0000000002e5ed3d
Event: 4.020 Thread 0x00000000005ef000 Threw 0x00000000eb53cd70 at C:\jdk7u1_64p\jdk7u7\hotspot\src\share\vm\prims\jvm.cpp:1166
Event: 4.020 Thread 0x00000000005ef000 Threw 0x00000000eb53ff20 at C:\jdk7u1_64p\jdk7u7\hotspot\src\share\vm\prims\jvm.cpp:1166
Event: 4.020 Thread 0x00000000005ef000 Threw 0x00000000eb542f18 at C:\jdk7u1_64p\jdk7u7\hotspot\src\share\vm\prims\jvm.cpp:1166
Event: 4.108 Thread 0x00000000005ef000 Implicit null exception at 0x0000000002e647e8 to 0x0000000002e649e6
Event: 4.161 Thread 0x00000000005ef000 Threw 0x00000000ebc6b270 at C:\jdk7u1_64p\jdk7u7\hotspot\src\share\vm\prims\jvm.cpp:1166
Event: 4.162 Thread 0x00000000005ef000 Threw 0x00000000ebc76db0 at C:\jdk7u1_64p\jdk7u7\hotspot\src\share\vm\prims\jvm.cpp:1166
Event: 4.163 Thread 0x00000000005ef000 Threw 0x00000000ebc798f8 at C:\jdk7u1_64p\jdk7u7\hotspot\src\share\vm\prims\jvm.cpp:1166
Event: 4.240 Thread 0x00000000005ef000 Threw 0x00000000ec0ec790 at C:\jdk7u1_64p\jdk7u7\hotspot\src\share\vm\prims\jvm.cpp:1166

Events (10 events):
Event: 4.161 loading class 0x000000000ba14dd0
Event: 4.161 loading class 0x000000000ba14dd0 done
Event: 4.162 loading class 0x000000000c6d2310
Event: 4.162 loading class 0x000000000c6d2310 done
Event: 4.163 loading class 0x000000000c6d2350
Event: 4.163 loading class 0x000000000c6d2350 done
Event: 4.224 Thread 0x00000000005ef000 DEOPT PACKING pc=0x0000000002e7e690 sp=0x0000000002b9eef0
Event: 4.224 Thread 0x00000000005ef000 DEOPT UNPACKING pc=0x0000000002bd9164 sp=0x0000000002b9eed0 mode 2
Event: 4.240 loading class 0x000000000b8e0ca0
Event: 4.240 loading class 0x000000000b8e0ca0 done


Dynamic libraries:
0x000000013f930000 - 0x000000013f963000 	C:\Program Files\Java\jdk1.7.0_07\bin\java.exe
0x0000000077120000 - 0x00000000772c9000 	C:\Windows\SYSTEM32\ntdll.dll
0x0000000076f00000 - 0x000000007701f000 	C:\Windows\system32\kernel32.dll
0x000007fefd3d0000 - 0x000007fefd43b000 	C:\Windows\system32\KERNELBASE.dll
0x000007feff2b0000 - 0x000007feff38b000 	C:\Windows\system32\ADVAPI32.dll
0x000007feff390000 - 0x000007feff42f000 	C:\Windows\system32\msvcrt.dll
0x000007fefef00000 - 0x000007fefef1f000 	C:\Windows\SYSTEM32\sechost.dll
0x000007fefe890000 - 0x000007fefe9bd000 	C:\Windows\system32\RPCRT4.dll
0x0000000077020000 - 0x000000007711a000 	C:\Windows\system32\USER32.dll
0x000007fefead0000 - 0x000007fefeb37000 	C:\Windows\system32\GDI32.dll
0x000007fefecb0000 - 0x000007fefecbe000 	C:\Windows\system32\LPK.dll
0x000007fefeb40000 - 0x000007fefec09000 	C:\Windows\system32\USP10.dll
0x000007fefb800000 - 0x000007fefb9f4000 	C:\Windows\WinSxS\amd64_microsoft.windows.common-controls_6595b64144ccf1df_6.0.7601.17514_none_fa396087175ac9ac\COMCTL32.dll
0x000007fefd770000 - 0x000007fefd7e1000 	C:\Windows\system32\SHLWAPI.dll
0x000007fefd4e0000 - 0x000007fefd50e000 	C:\Windows\system32\IMM32.DLL
0x000007fefe9c0000 - 0x000007fefeac9000 	C:\Windows\system32\MSCTF.dll
0x000007fefd030000 - 0x000007fefd070000 	C:\Windows\system32\nvinitx.dll
0x0000000056da0000 - 0x0000000056e71000 	C:\Program Files\Java\jdk1.7.0_07\jre\bin\msvcr100.dll
0x00000000573a0000 - 0x0000000057abf000 	C:\Program Files\Java\jdk1.7.0_07\jre\bin\server\jvm.dll
0x000007fef84f0000 - 0x000007fef84f9000 	C:\Windows\system32\WSOCK32.dll
0x000007fefd7f0000 - 0x000007fefd83d000 	C:\Windows\system32\WS2_32.dll
0x000007fefeef0000 - 0x000007fefeef8000 	C:\Windows\system32\NSI.dll
0x000007fef8f30000 - 0x000007fef8f6b000 	C:\Windows\system32\WINMM.dll
0x00000000772f0000 - 0x00000000772f7000 	C:\Windows\system32\PSAPI.DLL
0x0000000069cd0000 - 0x0000000069cdf000 	C:\Program Files\Java\jdk1.7.0_07\jre\bin\verify.dll
0x0000000057290000 - 0x00000000572b8000 	C:\Program Files\Java\jdk1.7.0_07\jre\bin\java.dll
0x000000005b970000 - 0x000000005b985000 	C:\Program Files\Java\jdk1.7.0_07\jre\bin\zip.dll
0x000000005b730000 - 0x000000005b749000 	C:\Program Files\Java\jdk1.7.0_07\jre\bin\net.dll
0x000007fefc860000 - 0x000007fefc8b5000 	C:\Windows\system32\mswsock.dll
0x000007fefc850000 - 0x000007fefc857000 	C:\Windows\System32\wship6.dll
0x0000000057270000 - 0x0000000057281000 	C:\Program Files\Java\jdk1.7.0_07\jre\bin\nio.dll

VM Arguments:
jvm_args: -Xmx1024M -Dfile.encoding=GBK -Duser.country=CN -Duser.language=zh -Duser.variant 
java_command: com.android.dx.command.Main --dex --output E:\android_studio_workspace\XH\app\build\intermediates\dex\debug E:\android_studio_workspace\XH\app\build\intermediates\classes\debug E:\android_studio_workspace\XH\app\build\intermediates\pre-dexed\debug\support-annotations-22.1.1-ee8a94a19708901a0da74b32398bed48dc4c021c.jar E:\android_studio_workspace\XH\app\build\intermediates\pre-dexed\debug\classes-08fc13c42c823126723645bb43b56d430a341c8f.jar E:\android_studio_workspace\XH\app\build\intermediates\pre-dexed\debug\eventbus-3.0.0-beta1-6470e9e06accbd6d04468455a8eadf04b3981005.jar E:\android_studio_workspace\XH\app\build\intermediates\pre-dexed\debug\crouton_toast-d14491cb52b94e10b882792c8db96654a32b359a.jar E:\android_studio_workspace\XH\app\build\intermediates\pre-dexed\debug\okio-1.5.0-d19a14371397c6eca4ede01fef02db4647f737c8.jar E:\android_studio_workspace\XH\app\build\intermediates\pre-dexed\debug\classes-2facff4f1530c084617dd050aa2d44b1a176ddf6.jar E:\android_studio_workspace\XH\app\build\intermediates\pre-dexed\debug\library-1.0.18-b1a2008231d51f8c72918a90038fc32a12e31c85.jar E:\android_studio_workspace\XH\app\build\intermediates\pre-dexed\debug\library-2.4.0-dd460f45d27a359687729c3c169358b1eda3100b.jar E:\android_studio_workspace\XH\app\build\intermediates\pre-dexed\debug\universal-image-loader-1.9.3-7663f8faae3d90805b2c7e72235949f4ecf3a339.jar E:\android_studio_workspace\XH\app\build\intermediates\pre-dexed\debug\libammsdk-b9456fea70087378655fa7435b769eecfc634508.jar E:\android_studio_workspace\XH\app\build\intermediates\pre-dexed\debug\gson-2.3.1-3d67bc6296728dce11d45e3fe02a4d0f0bf336e9.jar E:\android_studio_workspace\XH\app\build\intermediates\pre-dexed\debug\internal_impl-22.1.1-2d931d5a57598f843fd22acae9d1b4acd2f7c37a.jar E:\android_studio_workspace\XH\app\build\intermediates\pre-dexed\debug\classes-55d852ba2276180def8a60cf42a3635ce87711a9.jar E:\android_studio_workspace\XH\app\build\intermediates\pre-dexed\debug\okhttp-2.4.0-1a88588d86205825a3
Launcher Type: SUN_STANDARD

Environment Variables:
JAVA_HOME=C:\Program Files\Java\jdk1.7.0_07
PATH=C:\Program Files\Java\jdk1.7.0_07;E:\android5.0_sdk\sdk;E:\android5.0_sdk\sdk\platform-tools;C:\Program Files (x86)\NVIDIA Corporation\PhysX\Common;C:\Windows\system32;C:\Windows;C:\Windows\System32\Wbem;C:\Windows\System32\WindowsPowerShell\v1.0\;C:\Program Files (x86)\Intel\OpenCL SDK\3.0\bin\x86;C:\Program Files (x86)\Intel\OpenCL SDK\3.0\bin\x64;C:\Program Files (x86)\Git\cmd;C:\Program Files (x86)\Git\bin;C:\Program Files (x86)\scala\bin
USERNAME=Administrator
OS=Windows_NT
PROCESSOR_IDENTIFIER=Intel64 Family 6 Model 58 Stepping 9, GenuineIntel



---------------  S Y S T E M  ---------------

OS: Windows 7 , 64 bit Build 7601 Service Pack 1

CPU:total 8 (4 cores per cpu, 2 threads per core) family 6 model 58 stepping 9, cmov, cx8, fxsr, mmx, sse, sse2, sse3, ssse3, sse4.1, sse4.2, popcnt, avx, ht, tsc, tscinvbit, tscinv

Memory: 4k page, physical 8268140k(3428680k free), swap 8266296k(4740k free)

vm_info: Java HotSpot(TM) 64-Bit Server VM (23.3-b01) for windows-amd64 JRE (1.7.0_07-b10), built on Aug 28 2012 18:28:27 by "java_re" with unknown MS VC++:1600

time: Tue Oct 06 17:03:43 2015
elapsed time: 4 seconds

