#
# There is insufficient memory for the Java Runtime Environment to continue.
# Native memory allocation (malloc) failed to allocate 934656 bytes for Chunk::new
# Possible reasons:
#   The system is out of physical RAM or swap space
#   In 32 bit mode, the process size limit was hit
# Possible solutions:
#   Reduce memory load on the system
#   Increase physical memory or swap space
#   Check if swap backing store is full
#   Use 64 bit Java on a 64 bit OS
#   Decrease Java heap size (-Xmx/-Xms)
#   Decrease number of Java threads
#   Decrease Java thread stack sizes (-Xss)
#   Set larger code cache with -XX:ReservedCodeCacheSize=
# This output file may be truncated or incomplete.
#
#  Out of Memory Error (allocation.cpp:328), pid=6808, tid=1436
#
# JRE version: 7.0_07-b10
# Java VM: Java HotSpot(TM) 64-Bit Server VM (23.3-b01 mixed mode windows-amd64 compressed oops)
# Failed to write core dump. Minidumps are not enabled by default on client versions of Windows
#

---------------  T H R E A D  ---------------

Current thread (0x000000000b792800):  JavaThread "C2 CompilerThread0" daemon [_thread_in_native, id=1436, stack(0x000000000bdf0000,0x000000000bef0000)]

Stack: [0x000000000bdf0000,0x000000000bef0000]

Current CompileTask:
C2:  16568  947             com.android.dx.merge.DexMerger::transformMethods (126 bytes)


---------------  P R O C E S S  ---------------

Java Threads: ( => current thread )
  0x000000000b7a3800 JavaThread "Service Thread" daemon [_thread_blocked, id=6380, stack(0x000000000c020000,0x000000000c120000)]
  0x000000000b79d800 JavaThread "C2 CompilerThread1" daemon [_thread_blocked, id=6188, stack(0x000000000bf00000,0x000000000c000000)]
=>0x000000000b792800 JavaThread "C2 CompilerThread0" daemon [_thread_in_native, id=1436, stack(0x000000000bdf0000,0x000000000bef0000)]
  0x000000000b791800 JavaThread "Attach Listener" daemon [_thread_blocked, id=3392, stack(0x000000000bb40000,0x000000000bc40000)]
  0x000000000b790800 JavaThread "Signal Dispatcher" daemon [_thread_blocked, id=6500, stack(0x000000000bc50000,0x000000000bd50000)]
  0x00000000096c7000 JavaThread "Finalizer" daemon [_thread_blocked, id=6364, stack(0x000000000b470000,0x000000000b570000)]
  0x00000000096be800 JavaThread "Reference Handler" daemon [_thread_blocked, id=1388, stack(0x000000000b620000,0x000000000b720000)]
  0x0000000001d9f000 JavaThread "main" [_thread_in_Java, id=6480, stack(0x0000000002980000,0x0000000002a80000)]

Other Threads:
  0x00000000096b8000 VMThread [stack: 0x000000000b350000,0x000000000b450000] [id=6252]
  0x000000000b7b4000 WatcherThread [stack: 0x000000000c1b0000,0x000000000c2b0000] [id=4504]

VM state:not at safepoint (normal execution)

VM Mutex/Monitor currently owned by a thread: None

Heap
 PSYoungGen      total 30656K, used 16685K [0x00000000eaab0000, 0x00000000ee1c0000, 0x0000000100000000)
  eden space 25280K, 44% used [0x00000000eaab0000,0x00000000eb5c0cb8,0x00000000ec360000)
  from space 5376K, 99% used [0x00000000ecf80000,0x00000000ed4ba968,0x00000000ed4c0000)
  to   space 12416K, 0% used [0x00000000ec360000,0x00000000ec360000,0x00000000ecf80000)
 ParOldGen       total 86144K, used 37078K [0x00000000c0000000, 0x00000000c5420000, 0x00000000eaab0000)
  object space 86144K, 43% used [0x00000000c0000000,0x00000000c2435b40,0x00000000c5420000)
 PSPermGen       total 21248K, used 7600K [0x00000000bae00000, 0x00000000bc2c0000, 0x00000000c0000000)
  object space 21248K, 35% used [0x00000000bae00000,0x00000000bb56c100,0x00000000bc2c0000)

Card table byte_map: [0x0000000005a80000,0x0000000005cb0000] byte_map_base: 0x00000000054a9000

Polling page: 0x0000000000170000

Code Cache  [0x0000000002a80000, 0x0000000002d40000, 0x0000000005a80000)
 total_blobs=1186 nmethods=928 adapters=209 free_code_cache=46439Kb largest_free_block=47494784

Compilation events (10 events):
Event: 16.533 Thread 0x000000000b79d800  944             com.android.dx.io.instructions.OneRegisterDecodedInstruction::getRegisterCount (2 bytes)
Event: 16.533 Thread 0x000000000b79d800 nmethod 944 0x0000000002b56010 code [0x0000000002b56140, 0x0000000002b56198]
Event: 16.533 Thread 0x000000000b79d800  945             java.lang.Integer::equals (29 bytes)
Event: 16.534 Thread 0x000000000b79d800 nmethod 945 0x0000000002cd82d0 code [0x0000000002cd8420, 0x0000000002cd84b8]
Event: 16.534 Thread 0x000000000b79d800  946             com.android.dex.Dex$Section::readMethods (59 bytes)
Event: 16.534 Thread 0x000000000b792800 nmethod 942 0x0000000002ce2e50 code [0x0000000002ce2fc0, 0x0000000002ce3638]
Event: 16.534 Thread 0x000000000b792800  947             com.android.dx.merge.DexMerger::transformMethods (126 bytes)
Event: 16.536 Thread 0x000000000b79d800 nmethod 946 0x0000000002b55a50 code [0x0000000002b55bc0, 0x0000000002b55e28]
Event: 16.542 Thread 0x000000000b79d800  948             com.android.dx.io.instructions.TwoRegisterDecodedInstruction::getRegisterCount (2 bytes)
Event: 16.542 Thread 0x000000000b79d800 nmethod 948 0x0000000002ce2c50 code [0x0000000002ce2d80, 0x0000000002ce2dd8]

GC Heap History (10 events):
Event: 10.686 GC heap before
{Heap before GC invocations=4 (full 0):
 PSYoungGen      total 37696K, used 37688K [0x00000000eaab0000, 0x00000000ed4c0000, 0x0000000100000000)
  eden space 32320K, 100% used [0x00000000eaab0000,0x00000000eca40000,0x00000000eca40000)
  from space 5376K, 99% used [0x00000000eca40000,0x00000000ecf7e308,0x00000000ecf80000)
  to   space 5376K, 0% used [0x00000000ecf80000,0x00000000ecf80000,0x00000000ed4c0000)
 ParOldGen       total 86144K, used 13021K [0x00000000c0000000, 0x00000000c5420000, 0x00000000eaab0000)
  object space 86144K, 15% used [0x00000000c0000000,0x00000000c0cb77d8,0x00000000c5420000)
 PSPermGen       total 21248K, used 5394K [0x00000000bae00000, 0x00000000bc2c0000, 0x00000000c0000000)
  object space 21248K, 25% used [0x00000000bae00000,0x00000000bb344b40,0x00000000bc2c0000)
Event: 10.697 GC heap after
Heap after GC invocations=4 (full 0):
 PSYoungGen      total 37696K, used 5356K [0x00000000eaab0000, 0x00000000ed4c0000, 0x0000000100000000)
  eden space 32320K, 0% used [0x00000000eaab0000,0x00000000eaab0000,0x00000000eca40000)
  from space 5376K, 99% used [0x00000000ecf80000,0x00000000ed4bb2b8,0x00000000ed4c0000)
  to   space 5376K, 0% used [0x00000000eca40000,0x00000000eca40000,0x00000000ecf80000)
 ParOldGen       total 86144K, used 17581K [0x00000000c0000000, 0x00000000c5420000, 0x00000000eaab0000)
  object space 86144K, 20% used [0x00000000c0000000,0x00000000c112b7d8,0x00000000c5420000)
 PSPermGen       total 21248K, used 5394K [0x00000000bae00000, 0x00000000bc2c0000, 0x00000000c0000000)
  object space 21248K, 25% used [0x00000000bae00000,0x00000000bb344b40,0x00000000bc2c0000)
}
Event: 11.820 GC heap before
{Heap before GC invocations=5 (full 0):
 PSYoungGen      total 37696K, used 37676K [0x00000000eaab0000, 0x00000000ed4c0000, 0x0000000100000000)
  eden space 32320K, 100% used [0x00000000eaab0000,0x00000000eca40000,0x00000000eca40000)
  from space 5376K, 99% used [0x00000000ecf80000,0x00000000ed4bb2b8,0x00000000ed4c0000)
  to   space 5376K, 0% used [0x00000000eca40000,0x00000000eca40000,0x00000000ecf80000)
 ParOldGen       total 86144K, used 17581K [0x00000000c0000000, 0x00000000c5420000, 0x00000000eaab0000)
  object space 86144K, 20% used [0x00000000c0000000,0x00000000c112b7d8,0x00000000c5420000)
 PSPermGen       total 21248K, used 5423K [0x00000000bae00000, 0x00000000bc2c0000, 0x00000000c0000000)
  object space 21248K, 25% used [0x00000000bae00000,0x00000000bb34bc50,0x00000000bc2c0000)
Event: 11.830 GC heap after
Heap after GC invocations=5 (full 0):
 PSYoungGen      total 37696K, used 5374K [0x00000000eaab0000, 0x00000000ed4c0000, 0x0000000100000000)
  eden space 32320K, 0% used [0x00000000eaab0000,0x00000000eaab0000,0x00000000eca40000)
  from space 5376K, 99% used [0x00000000eca40000,0x00000000ecf7faa8,0x00000000ecf80000)
  to   space 5376K, 0% used [0x00000000ecf80000,0x00000000ecf80000,0x00000000ed4c0000)
 ParOldGen       total 86144K, used 21888K [0x00000000c0000000, 0x00000000c5420000, 0x00000000eaab0000)
  object space 86144K, 25% used [0x00000000c0000000,0x00000000c1560328,0x00000000c5420000)
 PSPermGen       total 21248K, used 5423K [0x00000000bae00000, 0x00000000bc2c0000, 0x00000000c0000000)
  object space 21248K, 25% used [0x00000000bae00000,0x00000000bb34bc50,0x00000000bc2c0000)
}
Event: 12.871 GC heap before
{Heap before GC invocations=6 (full 0):
 PSYoungGen      total 37696K, used 37694K [0x00000000eaab0000, 0x00000000ed4c0000, 0x0000000100000000)
  eden space 32320K, 100% used [0x00000000eaab0000,0x00000000eca40000,0x00000000eca40000)
  from space 5376K, 99% used [0x00000000eca40000,0x00000000ecf7faa8,0x00000000ecf80000)
  to   space 5376K, 0% used [0x00000000ecf80000,0x00000000ecf80000,0x00000000ed4c0000)
 ParOldGen       total 86144K, used 21888K [0x00000000c0000000, 0x00000000c5420000, 0x00000000eaab0000)
  object space 86144K, 25% used [0x00000000c0000000,0x00000000c1560328,0x00000000c5420000)
 PSPermGen       total 21248K, used 5432K [0x00000000bae00000, 0x00000000bc2c0000, 0x00000000c0000000)
  object space 21248K, 25% used [0x00000000bae00000,0x00000000bb34e1d0,0x00000000bc2c0000)
Event: 12.884 GC heap after
Heap after GC invocations=6 (full 0):
 PSYoungGen      total 37696K, used 5373K [0x00000000eaab0000, 0x00000000ed4c0000, 0x0000000100000000)
  eden space 32320K, 0% used [0x00000000eaab0000,0x00000000eaab0000,0x00000000eca40000)
  from space 5376K, 99% used [0x00000000ecf80000,0x00000000ed4bf5b0,0x00000000ed4c0000)
  to   space 5376K, 0% used [0x00000000eca40000,0x00000000eca40000,0x00000000ecf80000)
 ParOldGen       total 86144K, used 26622K [0x00000000c0000000, 0x00000000c5420000, 0x00000000eaab0000)
  object space 86144K, 30% used [0x00000000c0000000,0x00000000c19ffa90,0x00000000c5420000)
 PSPermGen       total 21248K, used 5432K [0x00000000bae00000, 0x00000000bc2c0000, 0x00000000c0000000)
  object space 21248K, 25% used [0x00000000bae00000,0x00000000bb34e1d0,0x00000000bc2c0000)
}
Event: 14.988 GC heap before
{Heap before GC invocations=7 (full 0):
 PSYoungGen      total 37696K, used 37693K [0x00000000eaab0000, 0x00000000ed4c0000, 0x0000000100000000)
  eden space 32320K, 100% used [0x00000000eaab0000,0x00000000eca40000,0x00000000eca40000)
  from space 5376K, 99% used [0x00000000ecf80000,0x00000000ed4bf5b0,0x00000000ed4c0000)
  to   space 5376K, 0% used [0x00000000eca40000,0x00000000eca40000,0x00000000ecf80000)
 ParOldGen       total 86144K, used 26622K [0x00000000c0000000, 0x00000000c5420000, 0x00000000eaab0000)
  object space 86144K, 30% used [0x00000000c0000000,0x00000000c19ffa90,0x00000000c5420000)
 PSPermGen       total 21248K, used 6100K [0x00000000bae00000, 0x00000000bc2c0000, 0x00000000c0000000)
  object space 21248K, 28% used [0x00000000bae00000,0x00000000bb3f52c0,0x00000000bc2c0000)
Event: 15.001 GC heap after
Heap after GC invocations=7 (full 0):
 PSYoungGen      total 37696K, used 5365K [0x00000000eaab0000, 0x00000000ed4c0000, 0x0000000100000000)
  eden space 32320K, 0% used [0x00000000eaab0000,0x00000000eaab0000,0x00000000eca40000)
  from space 5376K, 99% used [0x00000000eca40000,0x00000000ecf7d4f8,0x00000000ecf80000)
  to   space 5376K, 0% used [0x00000000ecf80000,0x00000000ecf80000,0x00000000ed4c0000)
 ParOldGen       total 86144K, used 33206K [0x00000000c0000000, 0x00000000c5420000, 0x00000000eaab0000)
  object space 86144K, 38% used [0x00000000c0000000,0x00000000c206d840,0x00000000c5420000)
 PSPermGen       total 21248K, used 6100K [0x00000000bae00000, 0x00000000bc2c0000, 0x00000000c0000000)
  object space 21248K, 28% used [0x00000000bae00000,0x00000000bb3f52c0,0x00000000bc2c0000)
}
Event: 16.506 GC heap before
{Heap before GC invocations=8 (full 0):
 PSYoungGen      total 37696K, used 37418K [0x00000000eaab0000, 0x00000000ed4c0000, 0x0000000100000000)
  eden space 32320K, 99% used [0x00000000eaab0000,0x00000000ec9fd370,0x00000000eca40000)
  from space 5376K, 99% used [0x00000000eca40000,0x00000000ecf7d4f8,0x00000000ecf80000)
  to   space 5376K, 0% used [0x00000000ecf80000,0x00000000ecf80000,0x00000000ed4c0000)
 ParOldGen       total 86144K, used 33206K [0x00000000c0000000, 0x00000000c5420000, 0x00000000eaab0000)
  object space 86144K, 38% used [0x00000000c0000000,0x00000000c206d840,0x00000000c5420000)
 PSPermGen       total 21248K, used 7585K [0x00000000bae00000, 0x00000000bc2c0000, 0x00000000c0000000)
  object space 21248K, 35% used [0x00000000bae00000,0x00000000bb568570,0x00000000bc2c0000)
Event: 16.511 GC heap after
Heap after GC invocations=8 (full 0):
 PSYoungGen      total 30656K, used 5354K [0x00000000eaab0000, 0x00000000ee1c0000, 0x0000000100000000)
  eden space 25280K, 0% used [0x00000000eaab0000,0x00000000eaab0000,0x00000000ec360000)
  from space 5376K, 99% used [0x00000000ecf80000,0x00000000ed4ba968,0x00000000ed4c0000)
  to   space 12416K, 0% used [0x00000000ec360000,0x00000000ec360000,0x00000000ecf80000)
 ParOldGen       total 86144K, used 37078K [0x00000000c0000000, 0x00000000c5420000, 0x00000000eaab0000)
  object space 86144K, 43% used [0x00000000c0000000,0x00000000c2435b40,0x00000000c5420000)
 PSPermGen       total 21248K, used 7585K [0x00000000bae00000, 0x00000000bc2c0000, 0x00000000c0000000)
  object space 21248K, 35% used [0x00000000bae00000,0x00000000bb568570,0x00000000bc2c0000)
}

Deoptimization events (10 events):
Event: 16.300 Thread 0x0000000001d9f000 Uncommon trap -34 fr.pc 0x0000000002af9fb8
Event: 16.301 Thread 0x0000000001d9f000 Uncommon trap -34 fr.pc 0x0000000002af9fb8
Event: 16.347 Thread 0x0000000001d9f000 Uncommon trap -34 fr.pc 0x0000000002c25280
Event: 16.347 Thread 0x0000000001d9f000 Uncommon trap -34 fr.pc 0x0000000002c25280
Event: 16.347 Thread 0x0000000001d9f000 Uncommon trap -34 fr.pc 0x0000000002c25280
Event: 16.347 Thread 0x0000000001d9f000 Uncommon trap -34 fr.pc 0x0000000002c25280
Event: 16.351 Thread 0x0000000001d9f000 Uncommon trap -122 fr.pc 0x0000000002bb19a4
Event: 16.378 Thread 0x0000000001d9f000 Uncommon trap -122 fr.pc 0x0000000002bb10d4
Event: 16.442 Thread 0x0000000001d9f000 Uncommon trap -83 fr.pc 0x0000000002bb9e80
Event: 16.455 Thread 0x0000000001d9f000 Uncommon trap -83 fr.pc 0x0000000002bb2620

Internal exceptions (10 events):
Event: 16.216 Thread 0x0000000001d9f000 Threw 0x00000000eb37ce78 at C:\jdk7u1_64p\jdk7u7\hotspot\src\share\vm\prims\jvm.cpp:1166
Event: 16.216 Thread 0x0000000001d9f000 Threw 0x00000000eb37fe80 at C:\jdk7u1_64p\jdk7u7\hotspot\src\share\vm\prims\jvm.cpp:1166
Event: 16.216 Thread 0x0000000001d9f000 Threw 0x00000000eb3832d0 at C:\jdk7u1_64p\jdk7u7\hotspot\src\share\vm\prims\jvm.cpp:1166
Event: 16.218 Thread 0x0000000001d9f000 Threw 0x00000000eb3ca7b8 at C:\jdk7u1_64p\jdk7u7\hotspot\src\share\vm\prims\jvm.cpp:1166
Event: 16.218 Thread 0x0000000001d9f000 Threw 0x00000000eb3cc970 at C:\jdk7u1_64p\jdk7u7\hotspot\src\share\vm\prims\jvm.cpp:1166
Event: 16.313 Thread 0x0000000001d9f000 Threw 0x00000000eb7d7d80 at C:\jdk7u1_64p\jdk7u7\hotspot\src\share\vm\prims\jvm.cpp:1166
Event: 16.313 Thread 0x0000000001d9f000 Threw 0x00000000eb7d7ea8 at C:\jdk7u1_64p\jdk7u7\hotspot\src\share\vm\prims\jvm.cpp:1166
Event: 16.313 Thread 0x0000000001d9f000 Threw 0x00000000eb7dbbf0 at C:\jdk7u1_64p\jdk7u7\hotspot\src\share\vm\prims\jvm.cpp:1166
Event: 16.313 Thread 0x0000000001d9f000 Threw 0x00000000eb7dbd18 at C:\jdk7u1_64p\jdk7u7\hotspot\src\share\vm\prims\jvm.cpp:1166
Event: 16.468 Thread 0x0000000001d9f000 Threw 0x00000000ec484c28 at C:\jdk7u1_64p\jdk7u7\hotspot\src\share\vm\prims\jvm.cpp:1166

Events (10 events):
Event: 16.468 loading class 0x000000000cd2efb0
Event: 16.468 loading class 0x000000000cd2efb0 done
Event: 16.506 Executing VM operation: ParallelGCFailedAllocation
Event: 16.511 Executing VM operation: ParallelGCFailedAllocation done
Event: 16.512 Executing VM operation: RevokeBias
Event: 16.512 Executing VM operation: RevokeBias done
Event: 16.521 Thread 0x000000000b792800 flushing nmethod 0x0000000002b54a90
Event: 16.533 Thread 0x000000000b79d800 flushing nmethod 0x0000000002cd82d0
Event: 16.533 Thread 0x000000000b79d800 flushing nmethod 0x0000000002ce2990
Event: 16.533 Thread 0x000000000b79d800 flushing nmethod 0x0000000002cf2750


Dynamic libraries:
0x000000013f440000 - 0x000000013f473000 	C:\Program Files\Java\jdk1.7.0_07\bin\java.exe
0x0000000077a40000 - 0x0000000077be9000 	C:\Windows\SYSTEM32\ntdll.dll
0x0000000077920000 - 0x0000000077a3f000 	C:\Windows\system32\kernel32.dll
0x000007fefdb80000 - 0x000007fefdbeb000 	C:\Windows\system32\KERNELBASE.dll
0x000007feff720000 - 0x000007feff7fb000 	C:\Windows\system32\ADVAPI32.dll
0x000007fefee90000 - 0x000007fefef2f000 	C:\Windows\system32\msvcrt.dll
0x000007fefddb0000 - 0x000007fefddcf000 	C:\Windows\SYSTEM32\sechost.dll
0x000007fefece0000 - 0x000007fefee0d000 	C:\Windows\system32\RPCRT4.dll
0x0000000077820000 - 0x000000007791a000 	C:\Windows\system32\USER32.dll
0x000007fefee20000 - 0x000007fefee87000 	C:\Windows\system32\GDI32.dll
0x000007feffa90000 - 0x000007feffa9e000 	C:\Windows\system32\LPK.dll
0x000007feff8a0000 - 0x000007feff969000 	C:\Windows\system32\USP10.dll
0x000007fefc190000 - 0x000007fefc384000 	C:\Windows\WinSxS\amd64_microsoft.windows.common-controls_6595b64144ccf1df_6.0.7601.17514_none_fa396087175ac9ac\COMCTL32.dll
0x000007fefec60000 - 0x000007fefecd1000 	C:\Windows\system32\SHLWAPI.dll
0x000007feff6f0000 - 0x000007feff71e000 	C:\Windows\system32\IMM32.DLL
0x000007fefef90000 - 0x000007feff099000 	C:\Windows\system32\MSCTF.dll
0x000007fefd950000 - 0x000007fefd990000 	C:\Windows\system32\nvinitx.dll
0x0000000055cc0000 - 0x0000000055d91000 	C:\Program Files\Java\jdk1.7.0_07\jre\bin\msvcr100.dll
0x0000000068bf0000 - 0x000000006930f000 	C:\Program Files\Java\jdk1.7.0_07\jre\bin\server\jvm.dll
0x000007fef8b50000 - 0x000007fef8b59000 	C:\Windows\system32\WSOCK32.dll
0x000007fefdd60000 - 0x000007fefddad000 	C:\Windows\system32\WS2_32.dll
0x000007fefee10000 - 0x000007fefee18000 	C:\Windows\system32\NSI.dll
0x000007fef92a0000 - 0x000007fef92db000 	C:\Windows\system32\WINMM.dll
0x0000000077c10000 - 0x0000000077c17000 	C:\Windows\system32\PSAPI.DLL
0x0000000068b00000 - 0x0000000068b0f000 	C:\Program Files\Java\jdk1.7.0_07\jre\bin\verify.dll
0x0000000068ad0000 - 0x0000000068af8000 	C:\Program Files\Java\jdk1.7.0_07\jre\bin\java.dll
0x0000000068ab0000 - 0x0000000068ac5000 	C:\Program Files\Java\jdk1.7.0_07\jre\bin\zip.dll
0x0000000068a90000 - 0x0000000068aa9000 	C:\Program Files\Java\jdk1.7.0_07\jre\bin\net.dll
0x000007fefd180000 - 0x000007fefd1d5000 	C:\Windows\system32\mswsock.dll
0x000007fefd170000 - 0x000007fefd177000 	C:\Windows\System32\wship6.dll
0x0000000068a70000 - 0x0000000068a81000 	C:\Program Files\Java\jdk1.7.0_07\jre\bin\nio.dll

VM Arguments:
jvm_args: -Xmx1024M -Dfile.encoding=GBK -Duser.country=CN -Duser.language=zh -Duser.variant 
java_command: com.android.dx.command.Main --dex --output E:\android_studio_workspace\XH\app\build\intermediates\dex\debug E:\android_studio_workspace\XH\app\build\intermediates\classes\debug E:\android_studio_workspace\XH\app\build\intermediates\pre-dexed\debug\support-annotations-22.1.1-ee8a94a19708901a0da74b32398bed48dc4c021c.jar E:\android_studio_workspace\XH\app\build\intermediates\pre-dexed\debug\classes-08fc13c42c823126723645bb43b56d430a341c8f.jar E:\android_studio_workspace\XH\app\build\intermediates\pre-dexed\debug\eventbus-3.0.0-beta1-6470e9e06accbd6d04468455a8eadf04b3981005.jar E:\android_studio_workspace\XH\app\build\intermediates\pre-dexed\debug\crouton_toast-d14491cb52b94e10b882792c8db96654a32b359a.jar E:\android_studio_workspace\XH\app\build\intermediates\pre-dexed\debug\okio-1.5.0-d19a14371397c6eca4ede01fef02db4647f737c8.jar E:\android_studio_workspace\XH\app\build\intermediates\pre-dexed\debug\classes-2facff4f1530c084617dd050aa2d44b1a176ddf6.jar E:\android_studio_workspace\XH\app\build\intermediates\pre-dexed\debug\library-1.0.18-b1a2008231d51f8c72918a90038fc32a12e31c85.jar E:\android_studio_workspace\XH\app\build\intermediates\pre-dexed\debug\library-2.4.0-dd460f45d27a359687729c3c169358b1eda3100b.jar E:\android_studio_workspace\XH\app\build\intermediates\pre-dexed\debug\universal-image-loader-1.9.4-9ea8fb5385fe07db6288a8746eb2660897f432c0.jar E:\android_studio_workspace\XH\app\build\intermediates\pre-dexed\debug\libammsdk-b9456fea70087378655fa7435b769eecfc634508.jar E:\android_studio_workspace\XH\app\build\intermediates\pre-dexed\debug\gson-2.3.1-3d67bc6296728dce11d45e3fe02a4d0f0bf336e9.jar E:\android_studio_workspace\XH\app\build\intermediates\pre-dexed\debug\internal_impl-22.1.1-2d931d5a57598f843fd22acae9d1b4acd2f7c37a.jar E:\android_studio_workspace\XH\app\build\intermediates\pre-dexed\debug\classes-55d852ba2276180def8a60cf42a3635ce87711a9.jar E:\android_studio_workspace\XH\app\build\intermediates\pre-dexed\debug\okhttp-2.4.0-1a88588d86205825a3
Launcher Type: SUN_STANDARD

Environment Variables:
JAVA_HOME=C:\Program Files\Java\jdk1.7.0_07
PATH=C:\Program Files\Java\jdk1.7.0_07;E:\android5.0_sdk\sdk;E:\android5.0_sdk\sdk\platform-tools;C:\Program Files (x86)\NVIDIA Corporation\PhysX\Common;C:\Windows\system32;C:\Windows;C:\Windows\System32\Wbem;C:\Windows\System32\WindowsPowerShell\v1.0\;C:\Program Files (x86)\Intel\OpenCL SDK\3.0\bin\x86;C:\Program Files (x86)\Intel\OpenCL SDK\3.0\bin\x64;C:\Program Files (x86)\Git\cmd;C:\Program Files (x86)\Git\bin;C:\Program Files (x86)\scala\bin
USERNAME=Administrator
OS=Windows_NT
PROCESSOR_IDENTIFIER=Intel64 Family 6 Model 58 Stepping 9, GenuineIntel



---------------  S Y S T E M  ---------------

OS: Windows 7 , 64 bit Build 7601 Service Pack 1

CPU:total 8 (4 cores per cpu, 2 threads per core) family 6 model 58 stepping 9, cmov, cx8, fxsr, mmx, sse, sse2, sse3, ssse3, sse4.1, sse4.2, popcnt, avx, ht, tsc, tscinvbit, tscinv

Memory: 4k page, physical 8268140k(3672808k free), swap 8266296k(5724k free)

vm_info: Java HotSpot(TM) 64-Bit Server VM (23.3-b01) for windows-amd64 JRE (1.7.0_07-b10), built on Aug 28 2012 18:28:27 by "java_re" with unknown MS VC++:1600

time: Sat Sep 19 14:50:22 2015
elapsed time: 16 seconds

